slurmstepd: info: Setting TMPDIR to /scratch/158856. Previous errors about TMPDIR can be discarded

(Ray_tune.py:212484): Gdk-CRITICAL **: 13:15:19.181: gdk_cursor_new_for_display: assertion 'GDK_IS_DISPLAY (display)' failed
2022-05-14 13:15:28,339	WARNING function_runner.py:599 -- Function checkpointing is disabled. This may result in unexpected behavior when using checkpointing features or certain schedulers. To enable, set the train function arguments to be `func(config, checkpoint_dir=None)`.
2022-05-14 13:15:28,559	INFO trial_runner.py:803 -- starting train_graphs_29053752
2022-05-14 13:15:32,493	INFO trial_runner.py:803 -- starting train_graphs_2b6df2ae
2022-05-14 13:15:32,525	INFO trial_runner.py:803 -- starting train_graphs_2b72e3d6
2022-05-14 13:15:32,565	INFO trial_runner.py:803 -- starting train_graphs_2b7904dc
2022-05-14 13:15:32,584	INFO trial_runner.py:803 -- starting train_graphs_2b7bfcaa
2022-05-14 13:15:32,605	INFO trial_runner.py:803 -- starting train_graphs_2b7f2ca4
2022-05-14 13:15:32,625	INFO trial_runner.py:803 -- starting train_graphs_2b821572
2022-05-14 13:15:32,642	INFO trial_runner.py:803 -- starting train_graphs_2b84b5fc
2022-05-14 13:15:32,683	INFO trial_runner.py:803 -- starting train_graphs_2b8ae346
2022-05-14 13:15:32,728	INFO trial_runner.py:803 -- starting train_graphs_2b91b5c2
2022-05-14 13:15:32,752	INFO trial_runner.py:803 -- starting train_graphs_2b9559fc
2022-05-14 13:15:32,774	INFO trial_runner.py:803 -- starting train_graphs_2b98d488
2022-05-14 13:15:32,792	INFO trial_runner.py:803 -- starting train_graphs_2b9b89a8
2022-05-14 13:15:32,831	INFO trial_runner.py:803 -- starting train_graphs_2ba18a42
2022-05-14 13:15:32,864	INFO trial_runner.py:803 -- starting train_graphs_2ba66cce
2022-05-14 13:15:32,902	INFO trial_runner.py:803 -- starting train_graphs_2bac3eec
2022-05-14 13:16:12,043	INFO trial_runner.py:803 -- starting train_graphs_2bb04ca8
2022-05-14 13:16:23,044	INFO trial_runner.py:803 -- starting train_graphs_4306f960
2022-05-14 13:17:11,048	INFO trial_runner.py:803 -- starting train_graphs_4999dc52
2022-05-14 13:17:34,051	INFO trial_runner.py:803 -- starting train_graphs_6636da36
2022-05-14 13:18:23,055	INFO trial_runner.py:803 -- starting train_graphs_73e81db6
2022-05-14 13:20:16,065	INFO trial_runner.py:803 -- starting train_graphs_911af50c
2022-05-14 13:20:46,067	INFO trial_runner.py:803 -- starting train_graphs_d47a57ca
2022-05-14 13:21:04,069	INFO trial_runner.py:803 -- starting train_graphs_e6661938
2022-05-14 13:21:43,073	INFO trial_runner.py:803 -- starting train_graphs_f11629d6
2022-05-14 13:21:49,073	INFO trial_runner.py:803 -- starting train_graphs_08563780
2022-05-14 13:22:30,078	INFO trial_runner.py:803 -- starting train_graphs_0be99bda
2022-05-14 13:23:08,081	INFO trial_runner.py:803 -- starting train_graphs_245a90d4
2022-05-14 13:23:18,082	INFO trial_runner.py:803 -- starting train_graphs_3afe71de
2022-05-14 13:24:46,090	INFO trial_runner.py:803 -- starting train_graphs_40f620be
2022-05-14 13:24:54,090	INFO trial_runner.py:803 -- starting train_graphs_756c39f0
2022-05-14 13:25:02,091	INFO trial_runner.py:803 -- starting train_graphs_7a2ea112
2022-05-14 13:25:26,190	INFO trial_runner.py:803 -- starting train_graphs_7ef9d158
2022-05-14 13:25:33,094	INFO trial_runner.py:803 -- starting train_graphs_8d512c2e
2022-05-14 13:26:15,097	INFO trial_runner.py:803 -- starting train_graphs_916dcb1e
2022-05-14 13:26:46,100	INFO trial_runner.py:803 -- starting train_graphs_aa772614
2022-05-14 13:26:51,100	INFO trial_runner.py:803 -- starting train_graphs_bcf19ac2
2022-05-14 13:26:57,101	INFO trial_runner.py:803 -- starting train_graphs_bfee0c88
2022-05-14 13:27:11,102	INFO trial_runner.py:803 -- starting train_graphs_c380e06e
2022-05-14 13:27:13,102	INFO trial_runner.py:803 -- starting train_graphs_cbd8229a
2022-05-14 13:27:30,103	INFO trial_runner.py:803 -- starting train_graphs_cd0f8ce8
2022-05-14 13:27:32,104	INFO trial_runner.py:803 -- starting train_graphs_d72e309e
2022-05-14 13:30:07,118	INFO trial_runner.py:803 -- starting train_graphs_d862d1cc
2022-05-14 13:30:27,120	INFO trial_runner.py:803 -- starting train_graphs_34c51484
2022-05-14 13:30:31,120	INFO trial_runner.py:803 -- starting train_graphs_40b09994
2022-05-14 13:30:46,121	INFO trial_runner.py:803 -- starting train_graphs_431a995a
2022-05-14 13:31:11,123	INFO trial_runner.py:803 -- starting train_graphs_4c029810
2022-05-14 13:32:08,128	INFO trial_runner.py:803 -- starting train_graphs_5af0bf64
2022-05-14 13:32:36,130	INFO trial_runner.py:803 -- starting train_graphs_7ce2f75e
2022-05-14 13:33:25,134	INFO trial_runner.py:803 -- starting train_graphs_8d98fe4a
2022-05-14 13:34:51,141	INFO trial_runner.py:803 -- starting train_graphs_aacba418
2022-05-14 13:35:16,142	INFO trial_runner.py:803 -- starting train_graphs_de0f1d82
2022-05-14 13:35:16,208	INFO trial_runner.py:803 -- starting train_graphs_ecf68510
2022-05-14 13:38:04,184	INFO trial_runner.py:803 -- starting train_graphs_ed0073f4
2022-05-14 13:40:18,196	INFO trial_runner.py:803 -- starting train_graphs_511cc2fc
2022-05-14 13:40:26,196	INFO trial_runner.py:803 -- starting train_graphs_a0fd6024
2022-05-14 13:40:42,198	INFO trial_runner.py:803 -- starting train_graphs_a5c43006
2022-05-14 13:40:56,199	INFO trial_runner.py:803 -- starting train_graphs_af4f70b8
2022-05-14 13:41:45,204	INFO trial_runner.py:803 -- starting train_graphs_b7a492a2
2022-05-14 13:42:44,209	INFO trial_runner.py:803 -- starting train_graphs_d4dab158
2022-05-14 13:44:04,216	INFO trial_runner.py:803 -- starting train_graphs_f804ef22
2022-05-14 13:45:55,225	INFO trial_runner.py:803 -- starting train_graphs_27bf0e96
2022-05-14 13:46:37,229	INFO trial_runner.py:803 -- starting train_graphs_6c763ec4
2022-05-14 13:46:58,231	INFO trial_runner.py:803 -- starting train_graphs_82ec3bb8
2022-05-14 13:47:03,231	INFO trial_runner.py:803 -- starting train_graphs_8f6df6b0
2022-05-14 13:47:11,232	INFO trial_runner.py:803 -- starting train_graphs_926c1b80
2022-05-14 13:48:07,237	INFO trial_runner.py:803 -- starting train_graphs_97309d4e
2022-05-14 13:48:39,239	INFO trial_runner.py:803 -- starting train_graphs_bb509ecc
2022-05-14 13:49:20,243	INFO trial_runner.py:803 -- starting train_graphs_cba2d6a0
2022-05-14 13:50:19,248	INFO trial_runner.py:803 -- starting train_graphs_e4183310
2022-05-14 13:51:46,256	INFO trial_runner.py:803 -- starting train_graphs_07461794
2022-05-14 13:51:56,257	INFO trial_runner.py:803 -- starting train_graphs_3b1b4382
2022-05-14 13:52:19,259	INFO trial_runner.py:803 -- starting train_graphs_4113e9ec
2022-05-14 13:54:11,269	INFO trial_runner.py:803 -- starting train_graphs_4ec69184
2022-05-14 13:54:34,272	INFO trial_runner.py:803 -- starting train_graphs_918a20c6
2022-05-14 13:56:27,281	INFO trial_runner.py:803 -- starting train_graphs_9f40e92a
2022-05-14 13:57:12,285	INFO trial_runner.py:803 -- starting train_graphs_e29ed5c4
2022-05-14 13:58:14,290	INFO trial_runner.py:803 -- starting train_graphs_fd6f3a6a
2022-05-14 13:58:40,292	INFO trial_runner.py:803 -- starting train_graphs_2266638e
2022-05-14 13:59:14,295	INFO trial_runner.py:803 -- starting train_graphs_31e4169e
2022-05-14 14:02:32,312	INFO trial_runner.py:803 -- starting train_graphs_462c001c
2022-05-14 14:02:33,312	INFO trial_runner.py:803 -- starting train_graphs_bc2fb0b0
2022-05-14 14:02:57,314	INFO trial_runner.py:803 -- starting train_graphs_bcc844b0
2022-05-14 14:04:16,320	INFO trial_runner.py:803 -- starting train_graphs_cb164922
2022-05-14 14:04:49,324	INFO trial_runner.py:803 -- starting train_graphs_fa2ed49a
2022-05-14 14:05:57,329	INFO trial_runner.py:803 -- starting train_graphs_0ddc64c6
2022-05-14 14:06:08,331	INFO trial_runner.py:803 -- starting train_graphs_366865ca
2022-05-14 14:08:24,342	INFO trial_runner.py:803 -- starting train_graphs_3cf14934
2022-05-14 14:10:39,352	INFO trial_runner.py:803 -- starting train_graphs_8e0730ea
2022-05-14 14:13:56,368	INFO trial_runner.py:803 -- starting train_graphs_de7d7d22
2022-05-14 14:14:31,371	INFO trial_runner.py:803 -- starting train_graphs_53ebb092
2022-05-14 14:15:45,377	INFO trial_runner.py:803 -- starting train_graphs_68cb7c5e
2022-05-14 14:15:51,378	INFO trial_runner.py:803 -- starting train_graphs_94e6b128
2022-05-14 14:16:32,381	INFO trial_runner.py:803 -- starting train_graphs_987a0326
2022-05-14 14:18:05,389	INFO trial_runner.py:803 -- starting train_graphs_b0f57f20
2022-05-14 14:18:16,389	INFO trial_runner.py:803 -- starting train_graphs_e85783b4
2022-05-14 14:18:59,393	INFO trial_runner.py:803 -- starting train_graphs_eeeb008e
2022-05-14 14:19:10,394	INFO trial_runner.py:803 -- starting train_graphs_0887aa1a
2022-05-14 14:19:25,395	INFO trial_runner.py:803 -- starting train_graphs_11823ec8
2022-05-14 14:22:28,410	INFO trial_runner.py:803 -- starting train_graphs_1a3c289e
2022-05-14 14:22:29,410	INFO trial_runner.py:803 -- starting train_graphs_851f8462
2022-05-14 14:24:29,420	INFO trial_runner.py:803 -- starting train_graphs_87f79378
2022-05-14 14:24:45,420	INFO trial_runner.py:803 -- starting train_graphs_cfb78ac4
2022-05-14 14:25:38,425	INFO trial_runner.py:803 -- starting train_graphs_d6cdb8ce
2022-05-14 14:26:01,427	INFO trial_runner.py:803 -- starting train_graphs_f65fb6d8
2022-05-14 14:26:32,430	INFO trial_runner.py:803 -- starting train_graphs_04176bfe
2022-05-14 14:26:48,431	INFO trial_runner.py:803 -- starting train_graphs_18ac1d62
2022-05-14 14:27:44,436	INFO trial_runner.py:803 -- starting train_graphs_201a2f08
2022-05-14 14:28:27,439	INFO trial_runner.py:803 -- starting train_graphs_4394459a
2022-05-14 14:28:44,440	INFO trial_runner.py:803 -- starting train_graphs_5b1cd132
2022-05-14 14:31:05,453	INFO trial_runner.py:803 -- starting train_graphs_653efc12
2022-05-14 14:31:49,457	INFO trial_runner.py:803 -- starting train_graphs_b94df36c
2022-05-14 14:33:13,463	INFO trial_runner.py:803 -- starting train_graphs_d38608be
2022-05-14 14:34:24,469	INFO trial_runner.py:803 -- starting train_graphs_059fecfc
2022-05-14 14:35:22,474	INFO trial_runner.py:803 -- starting train_graphs_3275bedc
2022-05-14 14:36:01,478	INFO trial_runner.py:803 -- starting train_graphs_527e6daa
2022-05-14 14:37:01,483	INFO trial_runner.py:803 -- starting train_graphs_69bd8258
2022-05-14 14:37:52,487	INFO trial_runner.py:803 -- starting train_graphs_8d886c48
2022-05-14 14:37:59,489	INFO trial_runner.py:803 -- starting train_graphs_abe925e2
2022-05-14 14:39:09,495	INFO trial_runner.py:803 -- starting train_graphs_b0160964
2022-05-14 14:39:46,497	INFO trial_runner.py:803 -- starting train_graphs_d9d44d6a
2022-05-14 14:40:38,502	INFO trial_runner.py:803 -- starting train_graphs_efe032c2
2022-05-14 14:40:42,502	INFO trial_runner.py:803 -- starting train_graphs_0edc5552
2022-05-14 14:42:28,511	INFO trial_runner.py:803 -- starting train_graphs_13698432
2022-05-14 14:43:36,517	INFO trial_runner.py:803 -- starting train_graphs_50718154
2022-05-14 14:45:26,526	INFO trial_runner.py:803 -- starting train_graphs_78f855c6
2022-05-14 14:45:50,528	INFO trial_runner.py:803 -- starting train_graphs_ba8b1df2
2022-05-14 14:46:41,533	INFO trial_runner.py:803 -- starting train_graphs_c8d7c2b6
2022-05-14 14:49:22,545	INFO trial_runner.py:803 -- starting train_graphs_e7427d22
2022-05-14 14:51:41,556	INFO trial_runner.py:803 -- starting train_graphs_47377a48
2022-05-14 14:53:40,566	INFO trial_runner.py:803 -- starting train_graphs_9a123906
2022-05-14 14:54:24,570	INFO trial_runner.py:803 -- starting train_graphs_e3790066
2022-05-14 14:55:41,577	INFO trial_runner.py:803 -- starting train_graphs_fb3c532e
2022-05-14 14:57:35,588	INFO trial_runner.py:803 -- starting train_graphs_2924828e
2022-05-14 14:57:45,589	INFO trial_runner.py:803 -- starting train_graphs_6d170f66
2022-05-14 14:57:53,589	INFO trial_runner.py:803 -- starting train_graphs_730d1cd0
2022-05-14 14:58:58,595	INFO trial_runner.py:803 -- starting train_graphs_77d4c452
2022-05-14 14:59:22,597	INFO trial_runner.py:803 -- starting train_graphs_9e917bc6
2022-05-14 15:01:17,608	INFO trial_runner.py:803 -- starting train_graphs_acdf3eac
2022-05-14 15:02:33,615	INFO trial_runner.py:803 -- starting train_graphs_f16f14c0
2022-05-14 15:04:24,625	INFO trial_runner.py:803 -- starting train_graphs_1eba7d2a
2022-05-14 15:04:54,627	INFO trial_runner.py:803 -- starting train_graphs_638bca12
2022-05-14 15:07:28,641	INFO trial_runner.py:803 -- starting train_graphs_72cd0964
2022-05-14 15:08:39,647	INFO trial_runner.py:803 -- starting train_graphs_d116f2dc
2022-05-14 15:08:48,648	INFO trial_runner.py:803 -- starting train_graphs_f8e836cc
2022-05-14 15:09:55,655	INFO trial_runner.py:803 -- starting train_graphs_fe48a106
2022-05-14 15:10:09,656	INFO trial_runner.py:803 -- starting train_graphs_26370662
2022-05-14 15:10:16,656	INFO trial_runner.py:803 -- starting train_graphs_2e8ca894
2022-05-14 15:10:19,656	INFO trial_runner.py:803 -- starting train_graphs_32b8c97a
2022-05-14 15:11:33,663	INFO trial_runner.py:803 -- starting train_graphs_34853284
2022-05-14 15:11:34,664	INFO trial_runner.py:803 -- starting train_graphs_60a57e8c
2022-05-14 15:11:50,664	INFO trial_runner.py:803 -- starting train_graphs_6137eab0
2022-05-14 15:12:26,668	INFO trial_runner.py:803 -- starting train_graphs_6ac16570
2022-05-14 15:12:47,670	INFO trial_runner.py:803 -- starting train_graphs_8242042a
2022-05-14 15:17:22,692	INFO trial_runner.py:803 -- starting train_graphs_8cbbdaf2
2022-05-14 15:18:05,695	INFO trial_runner.py:803 -- starting train_graphs_30ab7118
2022-05-14 15:19:06,701	INFO trial_runner.py:803 -- starting train_graphs_4a4a6cb4
2022-05-14 15:24:12,725	INFO trial_runner.py:803 -- starting train_graphs_6ea86980
2022-05-14 15:24:42,727	INFO trial_runner.py:803 -- starting train_graphs_250f2fa6
2022-05-14 15:28:25,745	INFO trial_runner.py:803 -- starting train_graphs_36f0dc38
2022-05-14 15:33:21,770	INFO trial_runner.py:803 -- starting train_graphs_bbdecbd0
2022-05-14 15:37:26,790	INFO trial_runner.py:803 -- starting train_graphs_6c529532
2022-05-14 15:38:17,794	INFO trial_runner.py:803 -- starting train_graphs_fe5beeb0
2022-05-14 15:41:41,810	INFO trial_runner.py:803 -- starting train_graphs_1cc43e66
2022-05-14 15:43:05,818	INFO trial_runner.py:803 -- starting train_graphs_965f6d2c
2022-05-14 15:49:14,848	INFO trial_runner.py:803 -- starting train_graphs_c86fa17e
2022-05-14 15:50:05,853	INFO trial_runner.py:803 -- starting train_graphs_a464d226
2022-05-14 15:52:03,863	INFO trial_runner.py:803 -- starting train_graphs_c2cd60e8
2022-05-14 15:53:13,869	INFO trial_runner.py:803 -- starting train_graphs_092492d2
2022-05-14 15:56:59,887	INFO trial_runner.py:803 -- starting train_graphs_32de7caa
2022-05-14 16:00:42,905	INFO trial_runner.py:803 -- starting train_graphs_b994281c
2022-05-14 16:05:40,928	INFO trial_runner.py:803 -- starting train_graphs_3e83a516
2022-05-14 16:06:55,935	INFO trial_runner.py:803 -- starting train_graphs_f286a4c8
2022-05-14 16:07:59,940	INFO trial_runner.py:803 -- starting train_graphs_1cd9a888
2022-05-14 16:11:32,958	INFO trial_runner.py:803 -- starting train_graphs_4300408a
2022-05-14 16:12:12,962	INFO trial_runner.py:803 -- starting train_graphs_c1f81656
2022-05-14 16:14:07,972	INFO trial_runner.py:803 -- starting train_graphs_d9d014e0
2022-05-14 16:18:08,992	INFO trial_runner.py:803 -- starting train_graphs_1e5da744
2022-05-14 16:19:08,997	INFO trial_runner.py:803 -- starting train_graphs_ae05f770
2022-05-14 16:19:55,001	INFO trial_runner.py:803 -- starting train_graphs_d1ca1650
2022-05-14 16:21:14,008	INFO trial_runner.py:803 -- starting train_graphs_ed365854
2022-05-14 16:21:25,009	INFO trial_runner.py:803 -- starting train_graphs_1c4fc5a8
2022-05-14 16:21:48,011	INFO trial_runner.py:803 -- starting train_graphs_22ddde1e
2022-05-14 16:22:39,015	INFO trial_runner.py:803 -- starting train_graphs_309193e8
2022-05-14 16:22:44,015	INFO trial_runner.py:803 -- starting train_graphs_51597424
2022-05-14 16:24:10,023	INFO trial_runner.py:803 -- starting train_graphs_51f31f0c
2022-05-14 16:25:12,028	INFO trial_runner.py:803 -- starting train_graphs_87b76300
2022-05-14 16:27:08,038	INFO trial_runner.py:803 -- starting train_graphs_aa2cc06a
2022-05-14 16:28:11,043	INFO trial_runner.py:803 -- starting train_graphs_f1d30e24
2022-05-14 16:28:45,046	INFO trial_runner.py:803 -- starting train_graphs_14dfb6d8
2022-05-14 16:29:38,050	INFO trial_runner.py:803 -- starting train_graphs_292586cc
2022-05-14 16:29:58,052	INFO trial_runner.py:803 -- starting train_graphs_48bc05ec
2022-05-14 16:35:06,079	INFO trial_runner.py:803 -- starting train_graphs_54a80e82
2022-05-14 16:35:57,083	INFO trial_runner.py:803 -- starting train_graphs_0c41adf0
2022-05-14 16:39:10,100	INFO trial_runner.py:803 -- starting train_graphs_2cb50bd6
2022-05-14 16:39:30,102	INFO trial_runner.py:803 -- starting train_graphs_9db4337a
2022-05-14 16:39:48,104	INFO trial_runner.py:803 -- starting train_graphs_a9a22e44
2022-05-14 16:42:25,117	INFO trial_runner.py:803 -- starting train_graphs_b45b0ab8
2022-05-14 16:42:33,118	INFO trial_runner.py:803 -- starting train_graphs_11f2ccf6
2022-05-14 16:44:52,130	INFO trial_runner.py:803 -- starting train_graphs_16b7226e
2022-05-14 16:46:46,140	INFO trial_runner.py:803 -- starting train_graphs_6bff33f6
2022-05-14 16:46:51,140	INFO trial_runner.py:803 -- starting train_graphs_ad8605a2
2022-05-14 16:48:07,147	INFO trial_runner.py:803 -- starting train_graphs_b0855550
2022-05-14 16:50:22,158	INFO trial_runner.py:803 -- starting train_graphs_ddced4e6
2022-05-14 16:52:48,170	INFO trial_runner.py:803 -- starting train_graphs_2e487094
2022-05-14 16:53:45,175	INFO trial_runner.py:803 -- starting train_graphs_855f72ec
2022-05-14 16:54:16,177	INFO trial_runner.py:803 -- starting train_graphs_a7498762
2022-05-14 16:57:26,194	INFO trial_runner.py:803 -- starting train_graphs_b9c47988
2022-05-14 16:58:22,199	INFO trial_runner.py:803 -- starting train_graphs_2b06e0ae
2022-05-14 16:58:44,201	INFO trial_runner.py:803 -- starting train_graphs_4c6817ea
2022-05-14 16:59:32,205	INFO trial_runner.py:803 -- starting train_graphs_5985a5b4
2022-05-14 16:59:47,207	INFO trial_runner.py:803 -- starting train_graphs_7622503c
2022-05-14 17:01:57,218	INFO trial_runner.py:803 -- starting train_graphs_7f14b130
2022-05-14 17:02:16,220	INFO trial_runner.py:803 -- starting train_graphs_cc91aa58
2022-05-14 17:03:57,229	INFO trial_runner.py:803 -- starting train_graphs_d7e70f42
2022-05-14 17:04:16,231	INFO trial_runner.py:803 -- starting train_graphs_141c2d1c
2022-05-14 17:04:20,231	INFO trial_runner.py:803 -- starting train_graphs_1f6d083a
2022-05-14 17:04:54,235	INFO trial_runner.py:803 -- starting train_graphs_21d1c002
2022-05-14 17:06:19,242	INFO trial_runner.py:803 -- starting train_graphs_36144238
2022-05-14 17:08:58,256	INFO trial_runner.py:803 -- starting train_graphs_68c21b92
2022-05-14 17:09:40,260	INFO trial_runner.py:803 -- starting train_graphs_c78728d4
2022-05-14 17:10:40,265	INFO trial_runner.py:803 -- starting train_graphs_e092e7b4
2022-05-14 17:12:23,275	INFO trial_runner.py:803 -- starting train_graphs_04540a66
2022-05-14 17:16:27,295	INFO trial_runner.py:803 -- starting train_graphs_41bc2cee
2022-05-14 17:18:24,305	INFO trial_runner.py:803 -- starting train_graphs_d32cb144
2022-05-14 17:18:24,358	INFO trial_runner.py:803 -- starting train_graphs_18eb6a72
2022-05-14 17:21:41,321	INFO trial_runner.py:803 -- starting train_graphs_18f37ad2
2022-05-14 17:22:44,325	INFO trial_runner.py:803 -- starting train_graphs_90d1b140
2022-05-14 17:25:15,338	INFO trial_runner.py:803 -- starting train_graphs_b3e702f2
2022-05-14 17:25:56,342	INFO trial_runner.py:803 -- starting train_graphs_0de9f03e
2022-05-14 17:26:25,344	INFO trial_runner.py:803 -- starting train_graphs_265a32fa
2022-05-14 17:26:26,344	INFO trial_runner.py:803 -- starting train_graphs_37a3aaaa
2022-05-14 17:27:29,349	INFO trial_runner.py:803 -- starting train_graphs_383d778e
2022-05-14 17:28:03,352	INFO trial_runner.py:803 -- starting train_graphs_5dca0076
2022-05-14 17:31:59,372	INFO trial_runner.py:803 -- starting train_graphs_7210b3cc
2022-05-14 17:35:12,388	INFO trial_runner.py:803 -- starting train_graphs_febd0b22
2022-05-14 17:39:03,408	INFO trial_runner.py:803 -- starting train_graphs_71ca1862
2022-05-14 17:39:59,414	INFO trial_runner.py:803 -- starting train_graphs_fb7c2492
2022-05-14 17:40:33,417	INFO trial_runner.py:803 -- starting train_graphs_1ce21100
2022-05-14 17:45:30,442	INFO trial_runner.py:803 -- starting train_graphs_312228f8
2022-05-14 17:45:34,442	INFO trial_runner.py:803 -- starting train_graphs_e2325262
2022-05-14 17:46:48,449	INFO trial_runner.py:803 -- starting train_graphs_e48e9ae8
2022-05-14 17:47:41,453	INFO trial_runner.py:803 -- starting train_graphs_10ae7134
2022-05-14 17:47:53,454	INFO trial_runner.py:803 -- starting train_graphs_3042e5ac
2022-05-14 17:50:07,466	INFO trial_runner.py:803 -- starting train_graphs_376c24f6
2022-05-14 17:51:03,470	INFO trial_runner.py:803 -- starting train_graphs_874a9e58
2022-05-14 17:54:37,489	INFO trial_runner.py:803 -- starting train_graphs_a8aea8d2
2022-05-14 17:59:55,516	INFO trial_runner.py:803 -- starting train_graphs_283ccdb8
2022-05-14 18:00:06,517	INFO trial_runner.py:803 -- starting train_graphs_e83e37aa
2022-05-14 18:01:27,524	INFO trial_runner.py:803 -- starting train_graphs_ec6092e2
2022-05-14 18:01:35,524	INFO trial_runner.py:803 -- starting train_graphs_1ca30c78
2022-05-14 18:05:56,546	INFO trial_runner.py:803 -- starting train_graphs_21679b84
2022-05-14 18:06:11,547	INFO trial_runner.py:803 -- starting train_graphs_bcfc6db8
2022-05-14 18:10:56,572	INFO trial_runner.py:803 -- starting train_graphs_c5ed4b04
2022-05-14 18:11:38,575	INFO trial_runner.py:803 -- starting train_graphs_6fd0c696
2022-05-14 18:14:20,589	INFO trial_runner.py:803 -- starting train_graphs_88e038ce
slurmstepd: error: *** JOB 158856 ON ilk-105 CANCELLED AT 2022-05-14T18:15:25 DUE TO TIME LIMIT ***
