slurmstepd: info: Setting TMPDIR to /scratch/150659. Previous errors about TMPDIR can be discarded

(Ray_tune.py:315824): Gdk-CRITICAL **: 16:13:50.167: gdk_cursor_new_for_display: assertion 'GDK_IS_DISPLAY (display)' failed
2022-05-12 16:13:58,792	WARNING function_runner.py:599 -- Function checkpointing is disabled. This may result in unexpected behavior when using checkpointing features or certain schedulers. To enable, set the train function arguments to be `func(config, checkpoint_dir=None)`.
2022-05-12 16:13:59,218	INFO trial_runner.py:803 -- starting train_graphs_c43e45ea
2022-05-12 16:14:02,985	INFO trial_runner.py:803 -- starting train_graphs_c68dd0ae
2022-05-12 16:14:03,005	INFO trial_runner.py:803 -- starting train_graphs_c6911318
2022-05-12 16:14:03,026	INFO trial_runner.py:803 -- starting train_graphs_c6942724
2022-05-12 16:14:03,053	INFO trial_runner.py:803 -- starting train_graphs_c6984610
2022-05-12 16:14:03,092	INFO trial_runner.py:803 -- starting train_graphs_c69e26e8
2022-05-12 16:14:03,111	INFO trial_runner.py:803 -- starting train_graphs_c6a1327a
2022-05-12 16:14:03,153	INFO trial_runner.py:803 -- starting train_graphs_c6a78df0
2022-05-12 16:14:03,181	INFO trial_runner.py:803 -- starting train_graphs_c6abdbe4
2022-05-12 16:14:03,230	INFO trial_runner.py:803 -- starting train_graphs_c6b33272
2022-05-12 16:14:03,286	INFO trial_runner.py:803 -- starting train_graphs_c6bba880
2022-05-12 16:14:03,332	INFO trial_runner.py:803 -- starting train_graphs_c6c292c6
2022-05-12 16:14:03,381	INFO trial_runner.py:803 -- starting train_graphs_c6ca0b50
2022-05-12 16:14:03,422	INFO trial_runner.py:803 -- starting train_graphs_c6d06162
2022-05-12 16:14:03,459	INFO trial_runner.py:803 -- starting train_graphs_c6d60f4a
2022-05-12 16:14:03,516	INFO trial_runner.py:803 -- starting train_graphs_c6debd84
2022-05-12 16:14:03,541	INFO trial_runner.py:803 -- starting train_graphs_c6e29210
2022-05-12 16:14:03,593	INFO trial_runner.py:803 -- starting train_graphs_c6ea4dd4
2022-05-12 16:14:03,633	INFO trial_runner.py:803 -- starting train_graphs_c6f03e06
2022-05-12 16:14:03,665	INFO trial_runner.py:803 -- starting train_graphs_c6f50e7c
2022-05-12 16:14:03,715	INFO trial_runner.py:803 -- starting train_graphs_c6fb5bf6
2022-05-12 16:14:03,765	INFO trial_runner.py:803 -- starting train_graphs_c7022864
2022-05-12 16:14:03,805	INFO trial_runner.py:803 -- starting train_graphs_c70968b8
2022-05-12 16:14:03,850	INFO trial_runner.py:803 -- starting train_graphs_c7101834
2022-05-12 16:14:03,891	INFO trial_runner.py:803 -- starting train_graphs_c7166d7e
2022-05-12 16:14:03,953	INFO trial_runner.py:803 -- starting train_graphs_c71da9fe
2022-05-12 16:14:04,009	INFO trial_runner.py:803 -- starting train_graphs_c727d6a4
2022-05-12 16:14:04,053	INFO trial_runner.py:803 -- starting train_graphs_c72e5812
2022-05-12 16:14:04,120	INFO trial_runner.py:803 -- starting train_graphs_c736b3fe
2022-05-12 16:14:04,157	INFO trial_runner.py:803 -- starting train_graphs_c73ed926
2022-05-12 16:14:04,275	INFO trial_runner.py:803 -- starting train_graphs_c745a954
2022-05-12 16:14:09,944	INFO trial_runner.py:803 -- starting train_graphs_caaf74d0
2022-05-12 16:15:06,571	INFO trial_runner.py:803 -- starting train_graphs_cabef914
2022-05-12 16:15:16,572	INFO trial_runner.py:803 -- starting train_graphs_ec7d01d6
2022-05-12 16:15:22,573	INFO trial_runner.py:803 -- starting train_graphs_f2714f84
2022-05-12 16:15:29,573	INFO trial_runner.py:803 -- starting train_graphs_f6032136
2022-05-12 16:15:30,575	INFO trial_runner.py:803 -- starting train_graphs_fa2f38c6
2022-05-12 16:15:33,575	INFO trial_runner.py:803 -- starting train_graphs_fac787d4
2022-05-12 16:15:37,575	INFO trial_runner.py:803 -- starting train_graphs_fc9392b0
2022-05-12 16:15:42,576	INFO trial_runner.py:803 -- starting train_graphs_fef41b56
2022-05-12 16:15:43,576	INFO trial_runner.py:803 -- starting train_graphs_01f0af40
2022-05-12 16:15:44,576	INFO trial_runner.py:803 -- starting train_graphs_02884c24
2022-05-12 16:15:46,579	INFO trial_runner.py:803 -- starting train_graphs_03236dd0
2022-05-12 16:15:47,578	INFO trial_runner.py:803 -- starting train_graphs_0454a6e2
2022-05-12 16:16:05,580	INFO trial_runner.py:803 -- starting train_graphs_090d351e
2022-05-12 16:16:14,581	INFO trial_runner.py:803 -- starting train_graphs_0fab7390
2022-05-12 16:16:15,581	INFO trial_runner.py:803 -- starting train_graphs_150406cc
2022-05-12 16:16:16,581	INFO trial_runner.py:803 -- starting train_graphs_159c8276
2022-05-12 16:16:18,581	INFO trial_runner.py:803 -- starting train_graphs_1635e4de
2022-05-12 16:16:26,582	INFO trial_runner.py:803 -- starting train_graphs_1768cde4
2022-05-12 16:16:26,719	INFO trial_runner.py:803 -- starting train_graphs_1c356e54
2022-05-12 16:16:34,584	INFO trial_runner.py:803 -- starting train_graphs_1c446a9e
2022-05-12 16:16:34,654	INFO trial_runner.py:803 -- starting train_graphs_20f0b0e8
2022-05-12 16:16:37,584	INFO trial_runner.py:803 -- starting train_graphs_20fc6bd6
2022-05-12 16:16:41,584	INFO trial_runner.py:803 -- starting train_graphs_22bc21e6
2022-05-12 16:16:41,660	INFO trial_runner.py:803 -- starting train_graphs_251e4dba
2022-05-12 16:16:42,584	INFO trial_runner.py:803 -- starting train_graphs_2527ee92
2022-05-12 16:16:44,585	INFO trial_runner.py:803 -- starting train_graphs_25b823d6
2022-05-12 16:16:45,585	INFO trial_runner.py:803 -- starting train_graphs_26e79d9a
2022-05-12 16:16:46,585	INFO trial_runner.py:803 -- starting train_graphs_277d4584
2022-05-12 16:16:47,586	INFO trial_runner.py:803 -- starting train_graphs_28185646
2022-05-12 16:16:52,586	INFO trial_runner.py:803 -- starting train_graphs_28b04410
2022-05-12 16:16:57,587	INFO trial_runner.py:803 -- starting train_graphs_2baa5bb0
2022-05-12 16:17:07,587	INFO trial_runner.py:803 -- starting train_graphs_2ea51a4e
2022-05-12 16:17:09,588	INFO trial_runner.py:803 -- starting train_graphs_34a31504
2022-05-12 16:17:11,588	INFO trial_runner.py:803 -- starting train_graphs_35cd39dc
2022-05-12 16:17:21,589	INFO trial_runner.py:803 -- starting train_graphs_37008516
2022-05-12 16:17:23,589	INFO trial_runner.py:803 -- starting train_graphs_3cf50c80
2022-05-12 16:17:29,591	INFO trial_runner.py:803 -- starting train_graphs_3e27e3b6
2022-05-12 16:17:39,592	INFO trial_runner.py:803 -- starting train_graphs_41c2f5c4
2022-05-12 16:17:41,592	INFO trial_runner.py:803 -- starting train_graphs_47ae2210
2022-05-12 16:17:45,592	INFO trial_runner.py:803 -- starting train_graphs_48e54758
2022-05-12 16:17:46,592	INFO trial_runner.py:803 -- starting train_graphs_4b41f730
2022-05-12 16:17:53,593	INFO trial_runner.py:803 -- starting train_graphs_4bdcfd98
2022-05-12 16:18:03,594	INFO trial_runner.py:803 -- starting train_graphs_5006ea82
2022-05-12 16:18:18,597	INFO trial_runner.py:803 -- starting train_graphs_55fe812a
2022-05-12 16:18:20,597	INFO trial_runner.py:803 -- starting train_graphs_5eefd9b4
2022-05-12 16:18:27,599	INFO trial_runner.py:803 -- starting train_graphs_60219be2
2022-05-12 16:18:36,600	INFO trial_runner.py:803 -- starting train_graphs_6452ad14
2022-05-12 16:19:13,605	INFO trial_runner.py:803 -- starting train_graphs_69aa37d2
2022-05-12 16:19:23,606	INFO trial_runner.py:803 -- starting train_graphs_7fb82d54
2022-05-12 16:19:32,608	INFO trial_runner.py:803 -- starting train_graphs_85afa1b0
2022-05-12 16:19:56,613	INFO trial_runner.py:803 -- starting train_graphs_8b10f280
2022-05-12 16:19:57,613	INFO trial_runner.py:803 -- starting train_graphs_99657e78
2022-05-12 16:19:58,614	INFO trial_runner.py:803 -- starting train_graphs_99f40238
2022-05-12 16:19:59,614	INFO trial_runner.py:803 -- starting train_graphs_9a8f2970
2022-05-12 16:20:10,615	INFO trial_runner.py:803 -- starting train_graphs_9b24bb7a
2022-05-12 16:20:30,618	INFO trial_runner.py:803 -- starting train_graphs_a1b4248a
2022-05-12 16:20:39,619	INFO trial_runner.py:803 -- starting train_graphs_ad9fcd12
2022-05-12 16:20:53,621	INFO trial_runner.py:803 -- starting train_graphs_b2fdf11c
2022-05-12 16:21:10,622	INFO trial_runner.py:803 -- starting train_graphs_bb585b0e
2022-05-12 16:21:14,623	INFO trial_runner.py:803 -- starting train_graphs_c5784284
2022-05-12 16:21:15,628	INFO trial_runner.py:803 -- starting train_graphs_c7db9ea4
2022-05-12 16:21:27,624	INFO trial_runner.py:803 -- starting train_graphs_c872bbcc
2022-05-12 16:21:31,627	INFO trial_runner.py:803 -- starting train_graphs_cfa17848
2022-05-12 16:21:55,629	INFO trial_runner.py:803 -- starting train_graphs_d1fef0b6
2022-05-12 16:21:56,628	INFO trial_runner.py:803 -- starting train_graphs_e04d4366
2022-05-12 16:21:57,629	INFO trial_runner.py:803 -- starting train_graphs_e0ee8a1e
2022-05-12 16:22:02,630	INFO trial_runner.py:803 -- starting train_graphs_e17d4524
2022-05-12 16:22:07,630	INFO trial_runner.py:803 -- starting train_graphs_e479b71c
2022-05-12 16:22:07,700	INFO trial_runner.py:803 -- starting train_graphs_e772907e
2022-05-12 16:22:11,631	INFO trial_runner.py:803 -- starting train_graphs_e78059ca
2022-05-12 16:22:13,631	INFO trial_runner.py:803 -- starting train_graphs_e9d4e588
2022-05-12 16:22:16,632	INFO trial_runner.py:803 -- starting train_graphs_eb0e2a36
2022-05-12 16:22:22,632	INFO trial_runner.py:803 -- starting train_graphs_eccf3ae0
2022-05-12 16:22:28,633	INFO trial_runner.py:803 -- starting train_graphs_f06834c2
2022-05-12 16:22:29,633	INFO trial_runner.py:803 -- starting train_graphs_f4015d5c
2022-05-12 16:22:34,634	INFO trial_runner.py:803 -- starting train_graphs_f491a1aa
2022-05-12 16:23:05,638	INFO trial_runner.py:803 -- starting train_graphs_f78a9fce
2022-05-12 16:23:06,638	INFO trial_runner.py:803 -- starting train_graphs_0a08736a
2022-05-12 16:23:20,641	INFO trial_runner.py:803 -- starting train_graphs_0aa11d86
2022-05-12 16:23:23,641	INFO trial_runner.py:803 -- starting train_graphs_12f705cc
2022-05-12 16:23:32,643	INFO trial_runner.py:803 -- starting train_graphs_19adbf1e
2022-05-12 16:23:33,642	INFO trial_runner.py:803 -- starting train_graphs_1a238302
2022-05-12 16:23:43,644	INFO trial_runner.py:803 -- starting train_graphs_1ac356f2
2022-05-12 16:23:43,733	INFO trial_runner.py:803 -- starting train_graphs_20af7d84
2022-05-12 16:23:52,645	INFO trial_runner.py:803 -- starting train_graphs_257f501e
2022-05-12 16:23:53,646	INFO trial_runner.py:803 -- starting train_graphs_2613e5c6
2022-05-12 16:24:01,649	INFO trial_runner.py:803 -- starting train_graphs_26a615ea
2022-05-12 16:24:49,658	INFO trial_runner.py:803 -- starting train_graphs_2b68316c
2022-05-12 16:25:14,661	INFO trial_runner.py:803 -- starting train_graphs_4808fdba
2022-05-12 16:25:15,661	INFO trial_runner.py:803 -- starting train_graphs_56f053d2
2022-05-12 16:25:19,662	INFO trial_runner.py:803 -- starting train_graphs_578b006c
2022-05-12 16:25:27,663	INFO trial_runner.py:803 -- starting train_graphs_59eb2dbe
2022-05-12 16:25:31,663	INFO trial_runner.py:803 -- starting train_graphs_5eb48304
2022-05-12 16:25:41,665	INFO trial_runner.py:803 -- starting train_graphs_6113351e
2022-05-12 16:25:48,666	INFO trial_runner.py:803 -- starting train_graphs_670bdad4
2022-05-12 16:25:57,667	INFO trial_runner.py:803 -- starting train_graphs_6b372cc6
2022-05-12 16:26:03,668	INFO trial_runner.py:803 -- starting train_graphs_7092a25e
2022-05-12 16:26:23,671	INFO trial_runner.py:803 -- starting train_graphs_7424c78a
2022-05-12 16:26:39,673	INFO trial_runner.py:803 -- starting train_graphs_80146848
2022-05-12 16:26:47,675	INFO trial_runner.py:803 -- starting train_graphs_899aaeb8
2022-05-12 16:26:47,779	INFO trial_runner.py:803 -- starting train_graphs_8e608080
2022-05-12 16:27:06,677	INFO trial_runner.py:803 -- starting train_graphs_8e714636
2022-05-12 16:27:07,677	INFO trial_runner.py:803 -- starting train_graphs_99b48828
2022-05-12 16:27:38,682	INFO trial_runner.py:803 -- starting train_graphs_9a4c06da
2022-05-12 16:27:41,683	INFO trial_runner.py:803 -- starting train_graphs_acc57030
2022-05-12 16:27:54,685	INFO trial_runner.py:803 -- starting train_graphs_ae8dcb1a
2022-05-12 16:27:58,685	INFO trial_runner.py:803 -- starting train_graphs_b64f89c4
2022-05-12 16:28:07,686	INFO trial_runner.py:803 -- starting train_graphs_b8b9d80e
2022-05-12 16:28:27,689	INFO trial_runner.py:803 -- starting train_graphs_be135186
2022-05-12 16:28:28,688	INFO trial_runner.py:803 -- starting train_graphs_c9faed38
2022-05-12 16:28:32,689	INFO trial_runner.py:803 -- starting train_graphs_ca945428
2022-05-12 16:28:37,691	INFO trial_runner.py:803 -- starting train_graphs_ccfb6210
2022-05-12 16:28:39,690	INFO trial_runner.py:803 -- starting train_graphs_cff23d22
2022-05-12 16:29:25,697	INFO trial_runner.py:803 -- starting train_graphs_d12390e2
2022-05-12 16:29:40,702	INFO trial_runner.py:803 -- starting train_graphs_ec8fb914
2022-05-12 16:29:46,699	INFO trial_runner.py:803 -- starting train_graphs_f580f646
2022-05-12 16:29:48,702	INFO trial_runner.py:803 -- starting train_graphs_f912d608
2022-05-12 16:29:54,703	INFO trial_runner.py:803 -- starting train_graphs_fa464b04
2022-05-12 16:30:20,708	INFO trial_runner.py:803 -- starting train_graphs_fde8285e
2022-05-12 16:30:30,709	INFO trial_runner.py:803 -- starting train_graphs_0d5d1d3a
2022-05-12 16:30:37,710	INFO trial_runner.py:803 -- starting train_graphs_1354d9b2
2022-05-12 16:30:45,711	INFO trial_runner.py:803 -- starting train_graphs_17809274
2022-05-12 16:31:00,713	INFO trial_runner.py:803 -- starting train_graphs_1c41fe7e
2022-05-12 16:31:12,714	INFO trial_runner.py:803 -- starting train_graphs_25312bcc
2022-05-12 16:31:14,714	INFO trial_runner.py:803 -- starting train_graphs_2c5af888
2022-05-12 16:31:22,715	INFO trial_runner.py:803 -- starting train_graphs_2d8c2916
2022-05-12 16:31:28,715	INFO trial_runner.py:803 -- starting train_graphs_357df97e
2022-05-12 16:31:42,717	INFO trial_runner.py:803 -- starting train_graphs_35e1a992
2022-05-12 16:31:51,717	INFO trial_runner.py:803 -- starting train_graphs_3e3a6638
2022-05-12 16:32:03,718	INFO trial_runner.py:803 -- starting train_graphs_43973e30
2022-05-12 16:32:09,718	INFO trial_runner.py:803 -- starting train_graphs_4ac121f8
2022-05-12 16:32:18,719	INFO trial_runner.py:803 -- starting train_graphs_4e577088
2022-05-12 16:32:22,722	INFO trial_runner.py:803 -- starting train_graphs_53b5c8a4
2022-05-12 16:32:42,724	INFO trial_runner.py:803 -- starting train_graphs_561786b4
2022-05-12 16:32:49,724	INFO trial_runner.py:803 -- starting train_graphs_62014bc2
2022-05-12 16:33:00,725	INFO trial_runner.py:803 -- starting train_graphs_662afa0e
2022-05-12 16:33:39,729	INFO trial_runner.py:803 -- starting train_graphs_6cb9dc32
2022-05-12 16:33:49,730	INFO trial_runner.py:803 -- starting train_graphs_83fc40c4
2022-05-12 16:34:06,732	INFO trial_runner.py:803 -- starting train_graphs_89f08d46
2022-05-12 16:34:14,733	INFO trial_runner.py:803 -- starting train_graphs_94132298
2022-05-12 16:34:15,733	INFO trial_runner.py:803 -- starting train_graphs_98d8a5e6
2022-05-12 16:34:22,734	INFO trial_runner.py:803 -- starting train_graphs_996f870e
2022-05-12 16:34:28,734	INFO trial_runner.py:803 -- starting train_graphs_9d9effb2
2022-05-12 16:34:30,734	INFO trial_runner.py:803 -- starting train_graphs_a12f3746
2022-05-12 16:34:31,735	INFO trial_runner.py:803 -- starting train_graphs_a264c96e
2022-05-12 16:34:33,734	INFO trial_runner.py:803 -- starting train_graphs_a2f9b74a
2022-05-12 16:34:37,736	INFO trial_runner.py:803 -- starting train_graphs_a4296e62
2022-05-12 16:35:04,737	INFO trial_runner.py:803 -- starting train_graphs_a68fb968
2022-05-12 16:35:11,738	INFO trial_runner.py:803 -- starting train_graphs_b6a3cefc
2022-05-12 16:35:24,740	INFO trial_runner.py:803 -- starting train_graphs_bad3a6dc
2022-05-12 16:35:24,867	INFO trial_runner.py:803 -- starting train_graphs_c296a5c2
2022-05-12 16:35:31,740	INFO trial_runner.py:803 -- starting train_graphs_c2ab5db4
2022-05-12 16:35:34,741	INFO trial_runner.py:803 -- starting train_graphs_c6c0c68c
2022-05-12 16:35:56,743	INFO trial_runner.py:803 -- starting train_graphs_c885ba36
2022-05-12 16:35:58,744	INFO trial_runner.py:803 -- starting train_graphs_d5b5b954
2022-05-12 16:36:09,745	INFO trial_runner.py:803 -- starting train_graphs_d6d4e3b4
2022-05-12 16:36:16,746	INFO trial_runner.py:803 -- starting train_graphs_dd67b4fe
2022-05-12 16:36:19,746	INFO trial_runner.py:803 -- starting train_graphs_e19033c6
2022-05-12 16:36:32,747	INFO trial_runner.py:803 -- starting train_graphs_e35b24b8
2022-05-12 16:37:08,751	INFO trial_runner.py:803 -- starting train_graphs_eb19c218
2022-05-12 16:37:21,753	INFO trial_runner.py:803 -- starting train_graphs_009d677a
2022-05-12 16:37:25,753	INFO trial_runner.py:803 -- starting train_graphs_08511c8c
2022-05-12 16:37:58,759	INFO trial_runner.py:803 -- starting train_graphs_0f36be12
2022-05-12 16:38:10,760	INFO trial_runner.py:803 -- starting train_graphs_1e5e8884
2022-05-12 16:38:11,760	INFO trial_runner.py:803 -- starting train_graphs_25878ac0
2022-05-12 16:38:19,761	INFO trial_runner.py:803 -- starting train_graphs_261f2394
2022-05-12 16:38:29,761	INFO trial_runner.py:803 -- starting train_graphs_2ae374de
2022-05-12 16:38:36,763	INFO trial_runner.py:803 -- starting train_graphs_30dd7696
2022-05-12 16:44:47,361	INFO tune.py:702 -- Total run time: 1848.57 seconds (1848.08 seconds for the tuning loop).
