slurmstepd: info: Setting TMPDIR to /scratch/175265. Previous errors about TMPDIR can be discarded

(Ray_tune.py:2420323): Gdk-CRITICAL **: 19:56:15.856: gdk_cursor_new_for_display: assertion 'GDK_IS_DISPLAY (display)' failed
2022-05-19 19:56:24,364	WARNING function_runner.py:599 -- Function checkpointing is disabled. This may result in unexpected behavior when using checkpointing features or certain schedulers. To enable, set the train function arguments to be `func(config, checkpoint_dir=None)`.
2022-05-19 19:56:25,035	INFO trial_runner.py:803 -- starting train_graphs_ffd7d0a4
2022-05-19 19:56:28,693	INFO trial_runner.py:803 -- starting train_graphs_021bebd4
2022-05-19 19:56:28,714	INFO trial_runner.py:803 -- starting train_graphs_021f30f0
2022-05-19 19:56:28,740	INFO trial_runner.py:803 -- starting train_graphs_02233ba0
2022-05-19 19:56:28,756	INFO trial_runner.py:803 -- starting train_graphs_0225bb82
2022-05-19 19:56:28,784	INFO trial_runner.py:803 -- starting train_graphs_0229e022
2022-05-19 19:56:28,841	INFO trial_runner.py:803 -- starting train_graphs_023280c4
2022-05-19 19:56:28,943	INFO trial_runner.py:803 -- starting train_graphs_02420f12
2022-05-19 19:56:28,960	INFO trial_runner.py:803 -- starting train_graphs_0244b258
2022-05-19 19:56:28,991	INFO trial_runner.py:803 -- starting train_graphs_024983a0
2022-05-19 20:00:21,723	INFO trial_runner.py:803 -- starting train_graphs_02510bde
2022-05-19 20:01:09,725	INFO trial_runner.py:803 -- starting train_graphs_8d041cee
2022-05-19 20:02:42,731	INFO trial_runner.py:803 -- starting train_graphs_a9a40328
2022-05-19 20:03:55,735	INFO trial_runner.py:803 -- starting train_graphs_e1101bda
2022-05-19 20:04:11,736	INFO trial_runner.py:803 -- starting train_graphs_0c94f122
2022-05-19 20:05:36,741	INFO trial_runner.py:803 -- starting train_graphs_161d9f14
2022-05-19 20:06:07,743	INFO trial_runner.py:803 -- starting train_graphs_48d31eca
2022-05-19 20:08:31,751	INFO trial_runner.py:803 -- starting train_graphs_5b42abf2
2022-05-19 20:12:37,765	INFO trial_runner.py:803 -- starting train_graphs_b11a4c2e
2022-05-19 20:13:05,767	INFO trial_runner.py:803 -- starting train_graphs_43bb65ae
2022-05-19 20:13:19,768	INFO trial_runner.py:803 -- starting train_graphs_546c11be
2022-05-19 20:13:20,767	INFO trial_runner.py:803 -- starting train_graphs_5cc4a830
2022-05-19 20:14:43,772	INFO trial_runner.py:803 -- starting train_graphs_5d5ccff2
2022-05-19 20:14:49,773	INFO trial_runner.py:803 -- starting train_graphs_8ed6b048
2022-05-19 20:17:50,784	INFO trial_runner.py:803 -- starting train_graphs_926bd7c4
2022-05-19 20:19:07,788	INFO trial_runner.py:803 -- starting train_graphs_fe4e35e0
WARNING:root:NaN or Inf found in input tensor.
WARNING:root:NaN or Inf found in input tensor.
2022-05-19 20:22:35,801	INFO trial_runner.py:803 -- starting train_graphs_2c355344
WARNING:root:NaN or Inf found in input tensor.
2022-05-19 20:23:44,806	INFO trial_runner.py:803 -- starting train_graphs_a8305b88
WARNING:root:NaN or Inf found in input tensor.
2022-05-19 20:25:36,813	INFO trial_runner.py:803 -- starting train_graphs_d153e17e
WARNING:root:NaN or Inf found in input tensor.
2022-05-19 20:26:10,814	INFO trial_runner.py:803 -- starting train_graphs_141482c0
2022-05-19 20:26:21,816	INFO trial_runner.py:803 -- starting train_graphs_285e41ee
2022-05-19 20:28:37,823	INFO trial_runner.py:803 -- starting train_graphs_2ee74fce
2022-05-19 20:31:12,833	INFO trial_runner.py:803 -- starting train_graphs_7ff8cd20
2022-05-19 20:32:50,838	INFO trial_runner.py:803 -- starting train_graphs_dc5fdc34
2022-05-19 20:34:55,846	INFO trial_runner.py:803 -- starting train_graphs_16c7ce86
2022-05-19 20:35:14,847	INFO trial_runner.py:803 -- starting train_graphs_614c2b5a
2022-05-19 20:36:57,853	INFO trial_runner.py:803 -- starting train_graphs_6c9d87a6
2022-05-19 20:38:42,859	INFO trial_runner.py:803 -- starting train_graphs_aa0513fc
2022-05-19 20:39:25,861	INFO trial_runner.py:803 -- starting train_graphs_eaefbda4
2022-05-19 20:40:57,867	INFO trial_runner.py:803 -- starting train_graphs_023b68be
2022-05-19 20:41:45,870	INFO trial_runner.py:803 -- starting train_graphs_3918a16c
2022-05-19 20:43:08,875	INFO trial_runner.py:803 -- starting train_graphs_55af564a
2022-05-19 20:52:21,909	INFO trial_runner.py:803 -- starting train_graphs_872c36f2
2022-05-19 20:55:58,923	INFO trial_runner.py:803 -- starting train_graphs_d0cb26be
2022-05-19 20:58:15,931	INFO trial_runner.py:803 -- starting train_graphs_522704a8
2022-05-19 20:58:33,932	INFO trial_runner.py:803 -- starting train_graphs_a6367876
2022-05-19 20:59:31,936	INFO trial_runner.py:803 -- starting train_graphs_ae8acd7e
2022-05-19 21:00:04,938	INFO trial_runner.py:803 -- starting train_graphs_d11c308a
2022-05-19 21:02:05,944	INFO trial_runner.py:803 -- starting train_graphs_e4c999c4
2022-05-19 21:04:25,952	INFO trial_runner.py:803 -- starting train_graphs_2ceccd16
2022-05-19 21:04:36,953	INFO trial_runner.py:803 -- starting train_graphs_805cfef8
2022-05-19 21:06:25,958	INFO trial_runner.py:803 -- starting train_graphs_86e9562c
2022-05-19 21:07:53,964	INFO trial_runner.py:803 -- starting train_graphs_c7e4ba22
2022-05-19 21:09:49,970	INFO trial_runner.py:803 -- starting train_graphs_fc56d01a
2022-05-19 21:11:18,976	INFO trial_runner.py:803 -- starting train_graphs_417e88a4
2022-05-19 21:12:00,012	INFO trial_runner.py:803 -- starting train_graphs_76899e12
2022-05-19 21:14:10,987	INFO trial_runner.py:803 -- starting train_graphs_8f007ad8
2022-05-19 21:15:44,992	INFO trial_runner.py:803 -- starting train_graphs_dd1072be
2022-05-19 21:16:27,994	INFO trial_runner.py:803 -- starting train_graphs_151a1872
2022-05-19 21:19:13,004	INFO trial_runner.py:803 -- starting train_graphs_2eba2e0c
2022-05-19 21:21:52,013	INFO trial_runner.py:803 -- starting train_graphs_91165bf2
2022-05-19 21:22:28,014	INFO trial_runner.py:803 -- starting train_graphs_f21806f8
2022-05-19 21:23:04,016	INFO trial_runner.py:803 -- starting train_graphs_055414d2
2022-05-19 21:23:57,019	INFO trial_runner.py:803 -- starting train_graphs_1ac5b65e
2022-05-19 21:24:32,021	INFO trial_runner.py:803 -- starting train_graphs_3a5eeb34
2022-05-19 21:25:24,024	INFO trial_runner.py:803 -- starting train_graphs_4f3addb0
2022-05-19 21:28:03,032	INFO trial_runner.py:803 -- starting train_graphs_6e3c7e76
2022-05-19 21:28:55,035	INFO trial_runner.py:803 -- starting train_graphs_cd002caa
2022-05-19 21:30:33,040	INFO trial_runner.py:803 -- starting train_graphs_ebfef4ec
2022-05-19 21:31:00,042	INFO trial_runner.py:803 -- starting train_graphs_266a109e
2022-05-19 21:36:04,058	INFO trial_runner.py:803 -- starting train_graphs_36840ff2
2022-05-19 21:36:49,060	INFO trial_runner.py:803 -- starting train_graphs_ebb79aba
2022-05-19 21:37:32,063	INFO trial_runner.py:803 -- starting train_graphs_068d5c94
2022-05-19 21:41:16,075	INFO trial_runner.py:803 -- starting train_graphs_202d5a78
2022-05-19 21:42:35,078	INFO trial_runner.py:803 -- starting train_graphs_a5b0c8d8
2022-05-19 21:44:22,084	INFO trial_runner.py:803 -- starting train_graphs_d4ca1818
2022-05-19 21:45:03,086	INFO trial_runner.py:803 -- starting train_graphs_148f80be
2022-05-19 21:46:35,091	INFO trial_runner.py:803 -- starting train_graphs_2d0360d4
2022-05-19 21:49:33,101	INFO trial_runner.py:803 -- starting train_graphs_63d6fc56
2022-05-19 21:49:40,102	INFO trial_runner.py:803 -- starting train_graphs_cdf30f12
2022-05-19 21:49:56,103	INFO trial_runner.py:803 -- starting train_graphs_d21e7720
2022-05-19 21:54:18,118	INFO trial_runner.py:803 -- starting train_graphs_dba779fe
2022-05-19 21:54:59,120	INFO trial_runner.py:803 -- starting train_graphs_77d33a0c
2022-05-19 21:59:04,136	INFO trial_runner.py:803 -- starting train_graphs_90463896
2022-05-19 22:04:10,152	INFO trial_runner.py:803 -- starting train_graphs_24714254
2022-05-19 22:04:24,153	INFO trial_runner.py:803 -- starting train_graphs_db13d080
2022-05-19 22:06:28,160	INFO trial_runner.py:803 -- starting train_graphs_e10eaece
2022-05-19 22:11:33,177	INFO trial_runner.py:803 -- starting train_graphs_2d13bb2a
2022-05-19 22:11:33,194	INFO trial_runner.py:803 -- starting train_graphs_e0c4b2be
2022-05-19 22:31:44,249	INFO trial_runner.py:803 -- starting train_graphs_e0c9b502
2022-05-19 22:41:18,282	INFO trial_runner.py:803 -- starting train_graphs_b29fb200
2022-05-19 22:48:02,307	INFO trial_runner.py:803 -- starting train_graphs_08c61a6a
2022-05-19 22:50:46,317	INFO trial_runner.py:803 -- starting train_graphs_f9976610
2022-05-19 23:17:47,417	INFO trial_runner.py:803 -- starting train_graphs_5b5a5150
2022-05-19 23:22:26,436	INFO trial_runner.py:803 -- starting train_graphs_21999f76
2022-05-19 23:27:31,456	INFO trial_runner.py:803 -- starting train_graphs_c7e8d496
2022-05-19 23:28:50,460	INFO trial_runner.py:803 -- starting train_graphs_7db6dd54
2022-05-19 23:35:12,482	INFO trial_runner.py:803 -- starting train_graphs_acd0a840
2022-05-19 23:35:45,485	INFO trial_runner.py:803 -- starting train_graphs_90826d80
2022-05-19 23:37:27,491	INFO trial_runner.py:803 -- starting train_graphs_a42f68b0
2022-05-19 23:38:59,497	INFO trial_runner.py:803 -- starting train_graphs_e0fb5808
2022-05-19 23:44:28,517	INFO trial_runner.py:803 -- starting train_graphs_17dd5a38
2022-05-19 23:50:02,540	INFO trial_runner.py:803 -- starting train_graphs_dbee323a
2022-05-19 23:51:04,544	INFO trial_runner.py:803 -- starting train_graphs_a30cede8
2022-05-19 23:54:31,557	INFO trial_runner.py:803 -- starting train_graphs_c7fb142c
2022-05-19 23:55:54,563	INFO trial_runner.py:803 -- starting train_graphs_4360fc8a
2022-05-20 00:01:56,588	INFO trial_runner.py:803 -- starting train_graphs_74d90a82
2022-05-20 00:04:07,596	INFO trial_runner.py:803 -- starting train_graphs_4ca33974
2022-05-20 00:06:18,605	INFO trial_runner.py:803 -- starting train_graphs_9ab76518
2022-05-20 00:15:01,639	INFO trial_runner.py:803 -- starting train_graphs_e8cf303c
2022-05-20 00:18:01,652	INFO trial_runner.py:803 -- starting train_graphs_2090762e
2022-05-20 00:22:31,670	INFO trial_runner.py:803 -- starting train_graphs_8bda7628
2022-05-20 00:26:23,685	INFO trial_runner.py:803 -- starting train_graphs_2cd1df12
2022-05-20 00:33:43,712	INFO trial_runner.py:803 -- starting train_graphs_b717143a
2022-05-20 00:33:51,713	INFO trial_runner.py:803 -- starting train_graphs_bd608a82
2022-05-20 00:36:31,722	INFO trial_runner.py:803 -- starting train_graphs_c224a760
2022-05-20 00:36:40,723	INFO trial_runner.py:803 -- starting train_graphs_2181f320
2022-05-20 00:37:38,726	INFO trial_runner.py:803 -- starting train_graphs_26ecbcc8
2022-05-20 00:39:08,732	INFO trial_runner.py:803 -- starting train_graphs_4971bfdc
2022-05-20 00:39:40,734	INFO trial_runner.py:803 -- starting train_graphs_7f19870a
2022-05-20 00:41:22,741	INFO trial_runner.py:803 -- starting train_graphs_922a4fb4
2022-05-20 00:43:10,747	INFO trial_runner.py:803 -- starting train_graphs_cefb0e06
2022-05-20 00:43:31,748	INFO trial_runner.py:803 -- starting train_graphs_0f586066
2022-05-20 00:45:23,755	INFO trial_runner.py:803 -- starting train_graphs_1bdeccbc
2022-05-20 00:48:43,767	INFO trial_runner.py:803 -- starting train_graphs_6111429c
2022-05-20 00:56:08,792	INFO trial_runner.py:803 -- starting train_graphs_d898fc56
2022-05-20 00:57:08,796	INFO trial_runner.py:803 -- starting train_graphs_df18fe7c
2022-05-20 00:57:33,797	INFO trial_runner.py:803 -- starting train_graphs_02defabe
2022-05-20 01:00:35,808	INFO trial_runner.py:803 -- starting train_graphs_11c349e0
2022-05-20 01:08:04,835	INFO trial_runner.py:803 -- starting train_graphs_7e45410e
2022-05-20 01:11:22,847	INFO trial_runner.py:803 -- starting train_graphs_89e3eec4
2022-05-20 01:12:27,851	INFO trial_runner.py:803 -- starting train_graphs_ffec520a
2022-05-20 01:18:49,873	INFO trial_runner.py:803 -- starting train_graphs_26a8cfae
2022-05-20 01:29:04,913	INFO trial_runner.py:803 -- starting train_graphs_0a6260c0
2022-05-20 01:35:17,937	INFO trial_runner.py:803 -- starting train_graphs_78f4d1b6
2022-05-20 01:47:15,981	INFO trial_runner.py:803 -- starting train_graphs_57509486
2022-05-20 01:50:50,994	INFO trial_runner.py:803 -- starting train_graphs_034bfcde
2022-05-20 01:55:28,011	INFO trial_runner.py:803 -- starting train_graphs_83710c4c
2022-05-20 01:56:03,013	INFO trial_runner.py:803 -- starting train_graphs_289bf16e
2022-05-20 01:57:04,016	INFO trial_runner.py:803 -- starting train_graphs_3d6c2474
2022-05-20 01:59:57,026	INFO trial_runner.py:803 -- starting train_graphs_61c7771a
2022-05-20 02:06:10,049	INFO trial_runner.py:803 -- starting train_graphs_c8eb8af8
2022-05-20 02:06:41,050	INFO trial_runner.py:803 -- starting train_graphs_a73d08ae
2022-05-20 02:13:31,073	INFO trial_runner.py:803 -- starting train_graphs_bbd891a2
2022-05-20 02:13:52,074	INFO trial_runner.py:803 -- starting train_graphs_ae1c7d98
2022-05-20 02:18:53,092	INFO trial_runner.py:803 -- starting train_graphs_bcdc9cdc
2022-05-20 02:23:06,106	INFO trial_runner.py:803 -- starting train_graphs_6e0eef32
2022-05-20 02:35:04,152	INFO trial_runner.py:803 -- starting train_graphs_0776f69c
2022-05-20 02:39:32,168	INFO trial_runner.py:803 -- starting train_graphs_b0d995fe
2022-05-20 02:42:47,180	INFO trial_runner.py:803 -- starting train_graphs_509a68f2
2022-05-20 02:44:17,186	INFO trial_runner.py:803 -- starting train_graphs_c4d76a12
2022-05-20 02:46:38,195	INFO trial_runner.py:803 -- starting train_graphs_fa7baf16
2022-05-20 02:48:32,201	INFO trial_runner.py:803 -- starting train_graphs_4e8bd388
2022-05-20 02:54:55,224	INFO trial_runner.py:803 -- starting train_graphs_927aebce
2022-05-20 02:58:13,235	INFO trial_runner.py:803 -- starting train_graphs_76cd3f0c
2022-05-20 03:00:43,244	INFO trial_runner.py:803 -- starting train_graphs_eccda9c6
2022-05-20 03:03:28,254	INFO trial_runner.py:803 -- starting train_graphs_463c62ae
2022-05-20 03:10:35,280	INFO trial_runner.py:803 -- starting train_graphs_a891c944
2022-05-20 03:15:46,299	INFO trial_runner.py:803 -- starting train_graphs_a724e2ca
2022-05-20 03:18:34,309	INFO trial_runner.py:803 -- starting train_graphs_607a5f66
2022-05-20 03:20:47,316	INFO trial_runner.py:803 -- starting train_graphs_c4a1a832
2022-05-20 03:26:15,335	INFO trial_runner.py:803 -- starting train_graphs_13e61be4
2022-05-20 03:28:28,342	INFO trial_runner.py:803 -- starting train_graphs_d76afe18
2022-05-20 03:32:41,355	INFO trial_runner.py:803 -- starting train_graphs_26b0ea64
2022-05-20 03:37:02,368	INFO trial_runner.py:803 -- starting train_graphs_bd819c40
2022-05-20 03:37:13,369	INFO trial_runner.py:803 -- starting train_graphs_5915f8a4
2022-05-20 03:39:29,376	INFO trial_runner.py:803 -- starting train_graphs_5fa2288c
2022-05-20 03:42:11,386	INFO trial_runner.py:803 -- starting train_graphs_b0b26c00
2022-05-20 03:42:11,424	INFO trial_runner.py:803 -- starting train_graphs_1145e150
2022-05-20 03:42:56,389	INFO trial_runner.py:803 -- starting train_graphs_1149200e
2022-05-20 03:46:52,402	INFO trial_runner.py:803 -- starting train_graphs_2c178448
2022-05-20 03:46:59,403	INFO trial_runner.py:803 -- starting train_graphs_b8c2ddfc
2022-05-20 03:47:54,406	INFO trial_runner.py:803 -- starting train_graphs_bcf0f5f8
2022-05-20 03:50:21,413	INFO trial_runner.py:803 -- starting train_graphs_ddb7ef1c
2022-05-20 04:00:47,449	INFO trial_runner.py:803 -- starting train_graphs_3558a428
2022-05-20 04:03:08,456	INFO trial_runner.py:803 -- starting train_graphs_aa7d59f0
2022-05-20 04:07:40,470	INFO trial_runner.py:803 -- starting train_graphs_00c6e894
2022-05-20 04:08:00,471	INFO trial_runner.py:803 -- starting train_graphs_a0aad55a
2022-05-20 04:12:41,487	INFO trial_runner.py:803 -- starting train_graphs_ae6e4d2a
2022-05-20 04:16:06,498	INFO trial_runner.py:803 -- starting train_graphs_541701e0
2022-05-20 04:16:11,498	INFO trial_runner.py:803 -- starting train_graphs_ce497f24
2022-05-20 04:19:58,511	INFO trial_runner.py:803 -- starting train_graphs_d1457430
2022-05-20 04:22:52,521	INFO trial_runner.py:803 -- starting train_graphs_5894012c
2022-05-20 04:26:12,531	INFO trial_runner.py:803 -- starting train_graphs_c04c9392
2022-05-20 04:26:52,534	INFO trial_runner.py:803 -- starting train_graphs_37822814
2022-05-20 04:31:45,551	INFO trial_runner.py:803 -- starting train_graphs_4f5ca7a2
2022-05-20 04:38:42,577	INFO trial_runner.py:803 -- starting train_graphs_fe00d5e4
2022-05-20 04:40:29,583	INFO trial_runner.py:803 -- starting train_graphs_f69648d8
2022-05-20 04:44:06,596	INFO trial_runner.py:803 -- starting train_graphs_365a0f0e
2022-05-20 04:44:49,598	INFO trial_runner.py:803 -- starting train_graphs_b9ef865a
2022-05-20 04:47:13,607	INFO trial_runner.py:803 -- starting train_graphs_d154f906
2022-05-20 04:48:18,611	INFO trial_runner.py:803 -- starting train_graphs_272dd42e
2022-05-20 04:50:42,620	INFO trial_runner.py:803 -- starting train_graphs_4dea081c
2022-05-20 04:50:48,620	INFO trial_runner.py:803 -- starting train_graphs_a3c1948a
2022-05-20 04:59:35,648	INFO trial_runner.py:803 -- starting train_graphs_a755186a
2022-05-20 05:02:47,657	INFO trial_runner.py:803 -- starting train_graphs_e175e7c6
2022-05-20 05:07:13,671	INFO trial_runner.py:803 -- starting train_graphs_53ec75f4
2022-05-20 05:07:13,696	INFO trial_runner.py:803 -- starting train_graphs_f276c6a2
2022-05-20 05:09:57,680	INFO trial_runner.py:803 -- starting train_graphs_f27be902
2022-05-20 05:11:10,683	INFO trial_runner.py:803 -- starting train_graphs_5451f43c
2022-05-20 05:13:03,689	INFO trial_runner.py:803 -- starting train_graphs_7fbdac42
2022-05-20 05:13:25,691	INFO trial_runner.py:803 -- starting train_graphs_c3171dde
2022-05-20 05:13:53,692	INFO trial_runner.py:803 -- starting train_graphs_d03378c8
2022-05-20 05:16:04,703	INFO trial_runner.py:803 -- starting train_graphs_e0e6f212
2022-05-20 05:20:36,717	INFO trial_runner.py:803 -- starting train_graphs_2efb9e44
2022-05-20 05:22:36,724	INFO trial_runner.py:803 -- starting train_graphs_d11d9060
2022-05-20 05:23:27,727	INFO trial_runner.py:803 -- starting train_graphs_18a6639e
2022-05-20 05:24:03,729	INFO trial_runner.py:803 -- starting train_graphs_372414b0
2022-05-20 05:25:27,734	INFO trial_runner.py:803 -- starting train_graphs_4c830f00
2022-05-20 05:30:12,750	INFO trial_runner.py:803 -- starting train_graphs_7e93b864
2022-05-20 05:30:19,750	INFO trial_runner.py:803 -- starting train_graphs_28771402
2022-05-20 05:32:18,757	INFO trial_runner.py:803 -- starting train_graphs_2ca38c54
2022-05-20 05:34:43,765	INFO trial_runner.py:803 -- starting train_graphs_739047c4
2022-05-20 05:35:42,768	INFO trial_runner.py:803 -- starting train_graphs_c9fea45c
2022-05-20 05:38:09,777	INFO trial_runner.py:803 -- starting train_graphs_ed29a12a
2022-05-20 05:38:09,799	INFO trial_runner.py:803 -- starting train_graphs_44c98d32
2022-05-20 05:40:13,784	INFO trial_runner.py:803 -- starting train_graphs_44ceeb2e
2022-05-20 05:41:33,789	INFO trial_runner.py:803 -- starting train_graphs_8eb586f8
2022-05-20 05:42:27,791	INFO trial_runner.py:803 -- starting train_graphs_be636eba
2022-05-20 05:42:27,820	INFO trial_runner.py:803 -- starting train_graphs_de944d94
2022-05-20 05:43:07,794	INFO trial_runner.py:803 -- starting train_graphs_de989ae8
2022-05-20 05:44:32,799	INFO trial_runner.py:803 -- starting train_graphs_f66ba3d6
2022-05-20 05:44:59,801	INFO trial_runner.py:803 -- starting train_graphs_29178ade
2022-05-20 05:45:23,802	INFO trial_runner.py:803 -- starting train_graphs_393037b8
2022-05-20 05:45:42,954	INFO trial_runner.py:803 -- starting train_graphs_477c0982
2022-05-20 05:45:49,803	INFO trial_runner.py:803 -- starting train_graphs_52e835fc
2022-05-20 05:45:49,822	INFO trial_runner.py:803 -- starting train_graphs_56fb84a0
2022-05-20 05:46:19,806	INFO trial_runner.py:803 -- starting train_graphs_56ff5b16
2022-05-20 05:46:19,825	INFO trial_runner.py:803 -- starting train_graphs_68dd893e
2022-05-20 05:48:33,813	INFO trial_runner.py:803 -- starting train_graphs_68e24f28
2022-05-20 05:49:17,816	INFO trial_runner.py:803 -- starting train_graphs_b8bdf74a
2022-05-20 05:49:52,818	INFO trial_runner.py:803 -- starting train_graphs_d2f87176
2022-05-20 05:50:25,819	INFO trial_runner.py:803 -- starting train_graphs_e7f99096
2022-05-20 05:51:49,824	INFO trial_runner.py:803 -- starting train_graphs_fb82cb6e
2022-05-20 05:52:26,826	INFO trial_runner.py:803 -- starting train_graphs_2d9331c0
2022-05-20 05:52:56,829	INFO trial_runner.py:803 -- starting train_graphs_43a28cea
2022-05-20 05:53:25,831	INFO trial_runner.py:803 -- starting train_graphs_5582fcec
2022-05-20 05:54:36,835	INFO trial_runner.py:803 -- starting train_graphs_66ce9bb4
2022-05-20 05:54:36,864	INFO trial_runner.py:803 -- starting train_graphs_911f8f72
2022-05-20 05:55:58,839	INFO trial_runner.py:803 -- starting train_graphs_9124ec10
2022-05-20 05:59:46,852	INFO trial_runner.py:803 -- starting train_graphs_c1ffc9ae
2022-05-20 06:01:13,857	INFO trial_runner.py:803 -- starting train_graphs_49e91ed8
2022-05-20 06:01:48,858	INFO trial_runner.py:803 -- starting train_graphs_7dc3647a
2022-05-20 06:02:20,860	INFO trial_runner.py:803 -- starting train_graphs_92c92134
2022-05-20 06:03:55,866	INFO trial_runner.py:803 -- starting train_graphs_a5b3f026
2022-05-20 06:09:08,883	INFO trial_runner.py:803 -- starting train_graphs_de55bda6
2022-05-20 06:13:48,899	INFO trial_runner.py:803 -- starting train_graphs_98e6b2ce
2022-05-20 06:14:06,782	INFO trial_runner.py:803 -- starting train_graphs_3fd11700
2022-05-20 06:14:07,900	INFO trial_runner.py:803 -- starting train_graphs_4a78a664
2022-05-20 06:17:12,911	INFO trial_runner.py:803 -- starting train_graphs_4b21037c
2022-05-20 06:19:15,919	INFO trial_runner.py:803 -- starting train_graphs_b9677b36
2022-05-20 06:22:45,932	INFO trial_runner.py:803 -- starting train_graphs_02baf1e6
2022-05-20 06:24:25,939	INFO trial_runner.py:803 -- starting train_graphs_7fe6706e
2022-05-20 06:26:19,945	INFO trial_runner.py:803 -- starting train_graphs_bb84816a
2022-05-20 06:31:00,962	INFO trial_runner.py:803 -- starting train_graphs_ff7624b4
2022-05-20 06:33:24,973	INFO trial_runner.py:803 -- starting train_graphs_a6f8d132
2022-05-20 07:04:47,992	INFO tune.py:702 -- Total run time: 40103.65 seconds (40102.62 seconds for the tuning loop).
