slurmstepd: info: Setting TMPDIR to /scratch/159143. Previous errors about TMPDIR can be discarded

(Ray_tune2.py:442889): Gdk-CRITICAL **: 23:01:25.847: gdk_cursor_new_for_display: assertion 'GDK_IS_DISPLAY (display)' failed
2022-05-14 23:01:33,195	WARNING function_runner.py:599 -- Function checkpointing is disabled. This may result in unexpected behavior when using checkpointing features or certain schedulers. To enable, set the train function arguments to be `func(config, checkpoint_dir=None)`.
2022-05-14 23:01:33,361	INFO trial_runner.py:803 -- starting train_graphs_08e03290
2022-05-14 23:01:36,521	INFO trial_runner.py:803 -- starting train_graphs_0ad29a5c
2022-05-14 23:01:36,541	INFO trial_runner.py:803 -- starting train_graphs_0ad5e2c0
2022-05-14 23:01:36,559	INFO trial_runner.py:803 -- starting train_graphs_0ad8a9c4
2022-05-14 23:01:36,593	INFO trial_runner.py:803 -- starting train_graphs_0addba9a
2022-05-14 23:01:36,638	INFO trial_runner.py:803 -- starting train_graphs_0ae4ab8e
2022-05-14 23:01:36,659	INFO trial_runner.py:803 -- starting train_graphs_0ae7c97c
2022-05-14 23:01:36,678	INFO trial_runner.py:803 -- starting train_graphs_0aeaa2aa
2022-05-14 23:01:36,711	INFO trial_runner.py:803 -- starting train_graphs_0aefb8bc
2022-05-14 23:01:36,730	INFO trial_runner.py:803 -- starting train_graphs_0af2944c
2022-05-14 23:01:36,751	INFO trial_runner.py:803 -- starting train_graphs_0af5a2b8
2022-05-14 23:01:36,781	INFO trial_runner.py:803 -- starting train_graphs_0afa5bbe
2022-05-14 23:01:36,801	INFO trial_runner.py:803 -- starting train_graphs_0afd5f76
2022-05-14 23:01:36,836	INFO trial_runner.py:803 -- starting train_graphs_0b02b2fa
2022-05-14 23:01:36,856	INFO trial_runner.py:803 -- starting train_graphs_0b05c7c4
2022-05-14 23:01:36,877	INFO trial_runner.py:803 -- starting train_graphs_0b0909de
2022-05-14 23:03:33,362	INFO trial_runner.py:803 -- starting train_graphs_0b0dab92
2022-05-14 23:04:09,365	INFO trial_runner.py:803 -- starting train_graphs_507a9fa0
2022-05-14 23:04:58,370	INFO trial_runner.py:803 -- starting train_graphs_65f21516
2022-05-14 23:04:58,395	INFO trial_runner.py:803 -- starting train_graphs_8325a65c
2022-05-14 23:05:26,372	INFO trial_runner.py:803 -- starting train_graphs_832c7cd4
2022-05-14 23:06:04,375	INFO trial_runner.py:803 -- starting train_graphs_93d68c64
2022-05-14 23:06:34,378	INFO trial_runner.py:803 -- starting train_graphs_aa7f1d32
2022-05-14 23:07:23,383	INFO trial_runner.py:803 -- starting train_graphs_bc5fa558
2022-05-14 23:07:46,384	INFO trial_runner.py:803 -- starting train_graphs_d9955b22
2022-05-14 23:07:50,385	INFO trial_runner.py:803 -- starting train_graphs_e74b2292
2022-05-14 23:08:09,387	INFO trial_runner.py:803 -- starting train_graphs_e9ad416e
2022-05-14 23:08:48,391	INFO trial_runner.py:803 -- starting train_graphs_f500ee94
2022-05-14 23:09:57,397	INFO trial_runner.py:803 -- starting train_graphs_0c406a26
2022-05-14 23:10:20,399	INFO trial_runner.py:803 -- starting train_graphs_35627e26
2022-05-14 23:10:56,402	INFO trial_runner.py:803 -- starting train_graphs_431b14b0
2022-05-14 23:12:07,408	INFO trial_runner.py:803 -- starting train_graphs_588d7374
2022-05-14 23:12:46,411	INFO trial_runner.py:803 -- starting train_graphs_851daf08
2022-05-14 23:12:49,411	INFO trial_runner.py:803 -- starting train_graphs_9a20a5f4
2022-05-14 23:13:31,415	INFO trial_runner.py:803 -- starting train_graphs_9be8b070
2022-05-14 23:13:48,417	INFO trial_runner.py:803 -- starting train_graphs_b4f258fa
2022-05-14 23:13:49,416	INFO trial_runner.py:803 -- starting train_graphs_bf144ae6
2022-05-14 23:14:06,418	INFO trial_runner.py:803 -- starting train_graphs_bfb0760a
2022-05-14 23:14:54,423	INFO trial_runner.py:803 -- starting train_graphs_c9d1012c
2022-05-14 23:16:06,429	INFO trial_runner.py:803 -- starting train_graphs_e66c3b94
2022-05-14 23:17:09,434	INFO trial_runner.py:803 -- starting train_graphs_115aac00
2022-05-14 23:17:43,437	INFO trial_runner.py:803 -- starting train_graphs_36e5737e
2022-05-14 23:17:47,438	INFO trial_runner.py:803 -- starting train_graphs_4b29db7c
2022-05-14 23:19:42,448	INFO trial_runner.py:803 -- starting train_graphs_4d8d150a
2022-05-14 23:21:11,457	INFO trial_runner.py:803 -- starting train_graphs_921b5dbc
2022-05-14 23:23:01,467	INFO trial_runner.py:803 -- starting train_graphs_c7297c6e
2022-05-14 23:23:53,472	INFO trial_runner.py:803 -- starting train_graphs_08b93ebc
2022-05-14 23:25:06,478	INFO trial_runner.py:803 -- starting train_graphs_27b856cc
2022-05-14 23:25:30,480	INFO trial_runner.py:803 -- starting train_graphs_533cd494
2022-05-14 23:25:50,482	INFO trial_runner.py:803 -- starting train_graphs_618ac1fa
2022-05-14 23:28:30,497	INFO trial_runner.py:803 -- starting train_graphs_6d769e94
2022-05-14 23:29:10,500	INFO trial_runner.py:803 -- starting train_graphs_ccd7edc0
2022-05-14 23:31:44,513	INFO trial_runner.py:803 -- starting train_graphs_e4aec950
2022-05-14 23:32:30,517	INFO trial_runner.py:803 -- starting train_graphs_407c2692
2022-05-14 23:33:53,523	INFO trial_runner.py:803 -- starting train_graphs_5be72e04
2022-05-14 23:34:44,528	INFO trial_runner.py:803 -- starting train_graphs_8d614ef6
2022-05-14 23:40:13,556	INFO trial_runner.py:803 -- starting train_graphs_adb34be6
2022-05-14 23:40:57,560	INFO trial_runner.py:803 -- starting train_graphs_6fe6b69e
2022-05-14 23:42:43,569	INFO trial_runner.py:803 -- starting train_graphs_8a1ffeb2
2022-05-14 23:43:43,575	INFO trial_runner.py:803 -- starting train_graphs_c9525a08
2022-05-14 23:44:34,579	INFO trial_runner.py:803 -- starting train_graphs_ed142c0a
2022-05-14 23:44:45,580	INFO trial_runner.py:803 -- starting train_graphs_0b7b919c
2022-05-14 23:46:09,588	INFO trial_runner.py:803 -- starting train_graphs_120926d2
2022-05-14 23:46:50,592	INFO trial_runner.py:803 -- starting train_graphs_441b97c2
2022-05-14 23:47:01,592	INFO trial_runner.py:803 -- starting train_graphs_5e688676
2022-05-14 23:47:22,595	INFO trial_runner.py:803 -- starting train_graphs_631c39e2
2022-05-14 23:49:20,604	INFO trial_runner.py:803 -- starting train_graphs_6fa00d24
2022-05-14 23:51:42,617	INFO trial_runner.py:803 -- starting train_graphs_b5f829be
2022-05-14 23:54:53,633	INFO trial_runner.py:803 -- starting train_graphs_0a9be136
2022-05-14 23:57:57,649	INFO trial_runner.py:803 -- starting train_graphs_7c76ee90
2022-05-15 00:03:20,677	INFO trial_runner.py:803 -- starting train_graphs_ea25b110
2022-05-15 00:03:21,677	INFO trial_runner.py:803 -- starting train_graphs_aab172c0
2022-05-15 00:04:29,683	INFO trial_runner.py:803 -- starting train_graphs_ab4a8a5a
2022-05-15 00:05:02,686	INFO trial_runner.py:803 -- starting train_graphs_d3d475e4
2022-05-15 00:05:07,686	INFO trial_runner.py:803 -- starting train_graphs_e77cbf16
2022-05-15 00:05:13,686	INFO trial_runner.py:803 -- starting train_graphs_ea7b82a6
2022-05-15 00:07:34,698	INFO trial_runner.py:803 -- starting train_graphs_ee0d6ed4
2022-05-15 00:16:13,740	INFO trial_runner.py:803 -- starting train_graphs_4218e21a
2022-05-15 00:22:37,770	INFO trial_runner.py:803 -- starting train_graphs_777a1c2a
2022-05-15 00:23:22,774	INFO trial_runner.py:803 -- starting train_graphs_5c5e9046
2022-05-15 00:27:05,792	INFO trial_runner.py:803 -- starting train_graphs_773168da
2022-05-15 00:27:48,795	INFO trial_runner.py:803 -- starting train_graphs_fc20d2a6
2022-05-15 00:28:07,797	INFO trial_runner.py:803 -- starting train_graphs_15c8a6b6
2022-05-15 00:29:25,803	INFO trial_runner.py:803 -- starting train_graphs_211464d8
2022-05-15 00:29:59,806	INFO trial_runner.py:803 -- starting train_graphs_4f9944e0
2022-05-15 00:31:01,811	INFO trial_runner.py:803 -- starting train_graphs_63d73476
2022-05-15 00:34:00,825	INFO trial_runner.py:803 -- starting train_graphs_88d1f3ec
2022-05-15 00:34:06,826	INFO trial_runner.py:803 -- starting train_graphs_f3802600
2022-05-15 00:34:34,828	INFO trial_runner.py:803 -- starting train_graphs_f715e426
2022-05-15 00:35:14,831	INFO trial_runner.py:803 -- starting train_graphs_07c60148
2022-05-15 00:37:18,842	INFO trial_runner.py:803 -- starting train_graphs_1fa520b4
2022-05-15 00:39:26,852	INFO trial_runner.py:803 -- starting train_graphs_6c1e1a9a
2022-05-15 00:40:21,856	INFO trial_runner.py:803 -- starting train_graphs_b5da4c94
2022-05-15 00:41:28,863	INFO trial_runner.py:803 -- starting train_graphs_d69c99e6
2022-05-15 00:43:37,873	INFO trial_runner.py:803 -- starting train_graphs_fe8d76c8
2022-05-15 00:43:47,874	INFO trial_runner.py:803 -- starting train_graphs_4b747ce8
2022-05-15 00:44:43,878	INFO trial_runner.py:803 -- starting train_graphs_516b0fcc
2022-05-15 00:44:56,879	INFO trial_runner.py:803 -- starting train_graphs_755d016a
2022-05-15 00:45:02,880	INFO trial_runner.py:803 -- starting train_graphs_7a949ac6
2022-05-15 00:46:46,888	INFO trial_runner.py:803 -- starting train_graphs_7e1fe5f6
2022-05-15 00:49:22,902	INFO trial_runner.py:803 -- starting train_graphs_bc1f2f6a
2022-05-15 00:51:56,915	INFO trial_runner.py:803 -- starting train_graphs_1919f24a
2022-05-15 00:53:16,922	INFO trial_runner.py:803 -- starting train_graphs_74e86516
2022-05-15 00:54:32,929	INFO trial_runner.py:803 -- starting train_graphs_a497d580
2022-05-15 00:54:54,930	INFO trial_runner.py:803 -- starting train_graphs_d1efe5fe
2022-05-15 01:02:00,966	INFO trial_runner.py:803 -- starting train_graphs_df00e2a2
2022-05-15 01:02:04,966	INFO trial_runner.py:803 -- starting train_graphs_dcf90dee
2022-05-15 01:02:12,967	INFO trial_runner.py:803 -- starting train_graphs_df538bdc
2022-05-15 01:03:08,971	INFO trial_runner.py:803 -- starting train_graphs_e419b236
2022-05-15 01:05:05,980	INFO trial_runner.py:803 -- starting train_graphs_057bf088
2022-05-15 01:05:10,981	INFO trial_runner.py:803 -- starting train_graphs_4b424586
2022-05-15 01:07:40,992	INFO trial_runner.py:803 -- starting train_graphs_4e33097e
2022-05-15 01:09:44,002	INFO trial_runner.py:803 -- starting train_graphs_a79e09c8
2022-05-15 01:12:05,026	INFO trial_runner.py:803 -- starting train_graphs_f0ef2fbc
2022-05-15 01:13:11,031	INFO trial_runner.py:803 -- starting train_graphs_4501cb78
2022-05-15 01:16:58,048	INFO trial_runner.py:803 -- starting train_graphs_6ecabadc
2022-05-15 01:19:31,060	INFO trial_runner.py:803 -- starting train_graphs_f3a6825e
2022-05-15 01:20:48,067	INFO trial_runner.py:803 -- starting train_graphs_4edc8808
2022-05-15 01:24:21,084	INFO trial_runner.py:803 -- starting train_graphs_7cbf42ba
2022-05-15 01:34:33,134	INFO trial_runner.py:803 -- starting train_graphs_fe079714
2022-05-15 01:35:25,138	INFO trial_runner.py:803 -- starting train_graphs_6886fc6e
2022-05-15 01:36:26,143	INFO trial_runner.py:803 -- starting train_graphs_87858d06
2022-05-15 01:37:37,149	INFO trial_runner.py:803 -- starting train_graphs_ae639710
2022-05-15 01:38:32,153	INFO trial_runner.py:803 -- starting train_graphs_d63728a6
2022-05-15 01:43:59,179	INFO trial_runner.py:803 -- starting train_graphs_f6fd6bea
2022-05-15 01:51:14,213	INFO trial_runner.py:803 -- starting train_graphs_b9eede68
2022-05-15 01:55:56,237	INFO trial_runner.py:803 -- starting train_graphs_bd375f18
2022-05-15 01:57:40,245	INFO trial_runner.py:803 -- starting train_graphs_6550dc10
2022-05-15 01:59:16,253	INFO trial_runner.py:803 -- starting train_graphs_a595cd26
2022-05-15 02:00:36,260	INFO trial_runner.py:803 -- starting train_graphs_dc8b518e
2022-05-15 02:04:22,278	INFO trial_runner.py:803 -- starting train_graphs_0c38a422
2022-05-15 02:05:05,282	INFO trial_runner.py:803 -- starting train_graphs_92f0267a
2022-05-15 02:06:59,291	INFO trial_runner.py:803 -- starting train_graphs_ac91c2aa
2022-05-15 02:26:54,389	INFO trial_runner.py:803 -- starting train_graphs_f086cf5a
2022-05-15 02:27:21,391	INFO trial_runner.py:803 -- starting train_graphs_b8ddc862
2022-05-15 02:28:04,395	INFO trial_runner.py:803 -- starting train_graphs_c8f59c0c
2022-05-15 02:38:49,445	INFO trial_runner.py:803 -- starting train_graphs_e295fc42
2022-05-15 02:40:20,453	INFO trial_runner.py:803 -- starting train_graphs_6310eebc
2022-05-15 02:46:31,481	INFO trial_runner.py:803 -- starting train_graphs_9bb66f44
2022-05-15 02:54:08,519	INFO trial_runner.py:803 -- starting train_graphs_76764eb0
2022-05-15 02:55:45,527	INFO trial_runner.py:803 -- starting train_graphs_86e0540c
2022-05-15 03:01:55,555	INFO trial_runner.py:803 -- starting train_graphs_c0b26760
2022-05-15 03:07:50,583	INFO trial_runner.py:803 -- starting train_graphs_9d406fba
2022-05-15 03:23:28,655	INFO trial_runner.py:803 -- starting train_graphs_70de803c
2022-05-15 03:32:20,695	INFO trial_runner.py:803 -- starting train_graphs_9fffbe4c
2022-05-15 03:34:14,704	INFO trial_runner.py:803 -- starting train_graphs_dd1f56e2
2022-05-15 03:35:32,711	INFO trial_runner.py:803 -- starting train_graphs_21131762
2022-05-15 03:36:41,716	INFO trial_runner.py:803 -- starting train_graphs_4f956f04
2022-05-15 03:38:41,726	INFO trial_runner.py:803 -- starting train_graphs_78b47826
2022-05-15 03:55:48,810	INFO trial_runner.py:803 -- starting train_graphs_c2982794
2022-05-15 04:00:45,835	INFO trial_runner.py:803 -- starting train_graphs_24737098
2022-05-15 04:01:29,838	INFO trial_runner.py:803 -- starting train_graphs_d8036960
2022-05-15 04:02:32,844	INFO trial_runner.py:803 -- starting train_graphs_efb330d6
2022-05-15 04:07:50,870	INFO trial_runner.py:803 -- starting train_graphs_153f204e
2022-05-15 04:11:22,887	INFO trial_runner.py:803 -- starting train_graphs_d2cdc250
2022-05-15 04:13:21,897	INFO trial_runner.py:803 -- starting train_graphs_51398782
2022-05-15 04:19:16,926	INFO trial_runner.py:803 -- starting train_graphs_981c128c
2022-05-15 04:33:59,999	INFO trial_runner.py:803 -- starting train_graphs_6bbeaa1e
2022-05-15 04:35:44,008	INFO trial_runner.py:803 -- starting train_graphs_7a16dac6
2022-05-15 04:38:38,022	INFO trial_runner.py:803 -- starting train_graphs_b8129edc
2022-05-15 04:48:33,071	INFO trial_runner.py:803 -- starting train_graphs_1fca87ce
2022-05-15 05:00:12,129	INFO trial_runner.py:803 -- starting train_graphs_8277ccc8
2022-05-15 05:03:24,144	INFO trial_runner.py:803 -- starting train_graphs_232427ba
2022-05-15 05:07:43,166	INFO trial_runner.py:803 -- starting train_graphs_95976d48
2022-05-15 05:18:02,218	INFO trial_runner.py:803 -- starting train_graphs_2ffbb04c
2022-05-15 05:24:44,252	INFO trial_runner.py:803 -- starting train_graphs_a0f6c268
2022-05-15 05:32:22,291	INFO trial_runner.py:803 -- starting train_graphs_909ceca2
2022-05-15 05:35:11,305	INFO trial_runner.py:803 -- starting train_graphs_a4067348
2022-05-15 05:45:32,360	INFO trial_runner.py:803 -- starting train_graphs_0658da18
2022-05-15 05:50:03,383	INFO trial_runner.py:803 -- starting train_graphs_7885e2f6
2022-05-15 05:50:19,385	INFO trial_runner.py:803 -- starting train_graphs_1a10d91e
2022-05-15 05:50:20,385	INFO trial_runner.py:803 -- starting train_graphs_239bcb88
2022-05-15 05:55:14,409	INFO trial_runner.py:803 -- starting train_graphs_24349340
2022-05-15 05:56:50,418	INFO trial_runner.py:803 -- starting train_graphs_d373c358
2022-05-15 05:56:54,418	INFO trial_runner.py:803 -- starting train_graphs_0caee468
2022-05-15 05:58:17,425	INFO trial_runner.py:803 -- starting train_graphs_0f10b8b2
2022-05-15 06:00:19,436	INFO trial_runner.py:803 -- starting train_graphs_408c8ed4
2022-05-15 06:01:00,439	INFO trial_runner.py:803 -- starting train_graphs_89431fb2
2022-05-15 06:02:26,447	INFO trial_runner.py:803 -- starting train_graphs_a1bebe2a
2022-05-15 06:07:52,475	INFO trial_runner.py:803 -- starting train_graphs_d4f9a75a
2022-05-15 06:11:49,494	INFO trial_runner.py:803 -- starting train_graphs_974f13f8
2022-05-15 06:14:29,507	INFO trial_runner.py:803 -- starting train_graphs_249177e2
2022-05-15 06:14:56,510	INFO trial_runner.py:803 -- starting train_graphs_83f1beb8
2022-05-15 06:18:46,529	INFO trial_runner.py:803 -- starting train_graphs_9409c2d2
2022-05-15 06:18:51,530	INFO trial_runner.py:803 -- starting train_graphs_1d25dc22
2022-05-15 06:19:04,531	INFO trial_runner.py:803 -- starting train_graphs_201feeea
2022-05-15 06:19:49,535	INFO trial_runner.py:803 -- starting train_graphs_27deaf36
2022-05-15 06:19:54,535	INFO trial_runner.py:803 -- starting train_graphs_42b217da
2022-05-15 06:22:21,547	INFO trial_runner.py:803 -- starting train_graphs_45ae935a
2022-05-15 06:23:09,552	INFO trial_runner.py:803 -- starting train_graphs_9d4d4106
2022-05-15 06:33:28,604	INFO trial_runner.py:803 -- starting train_graphs_b9eb51c2
2022-05-15 06:33:59,606	INFO trial_runner.py:803 -- starting train_graphs_2ae623ce
2022-05-15 06:39:58,637	INFO trial_runner.py:803 -- starting train_graphs_3d6108b6
2022-05-15 06:41:27,645	INFO trial_runner.py:803 -- starting train_graphs_135ff364
2022-05-15 06:43:23,655	INFO trial_runner.py:803 -- starting train_graphs_486e274c
2022-05-15 06:44:12,658	INFO trial_runner.py:803 -- starting train_graphs_9014fabc
2022-05-15 06:48:58,684	INFO trial_runner.py:803 -- starting train_graphs_aac952d6
2022-05-15 06:51:26,696	INFO trial_runner.py:803 -- starting train_graphs_55456f88
2022-05-15 06:51:28,696	INFO trial_runner.py:803 -- starting train_graphs_ad7dec98
2022-05-15 06:53:47,708	INFO trial_runner.py:803 -- starting train_graphs_aeb1a6ea
2022-05-15 06:54:24,711	INFO trial_runner.py:803 -- starting train_graphs_018ada44
2022-05-15 06:56:56,724	INFO trial_runner.py:803 -- starting train_graphs_19c4f608
2022-05-15 06:58:33,732	INFO trial_runner.py:803 -- starting train_graphs_7234112a
2022-05-15 06:59:41,738	INFO trial_runner.py:803 -- starting train_graphs_ac062a5a
2022-05-15 06:59:47,738	INFO trial_runner.py:803 -- starting train_graphs_d48fed26
2022-05-15 07:00:55,745	INFO trial_runner.py:803 -- starting train_graphs_d822526c
2022-05-15 07:04:27,763	INFO trial_runner.py:803 -- starting train_graphs_00ac6858
2022-05-15 07:04:32,763	INFO trial_runner.py:803 -- starting train_graphs_81a1a180
2022-05-15 07:05:10,767	INFO trial_runner.py:803 -- starting train_graphs_842997be
2022-05-15 07:06:14,773	INFO trial_runner.py:803 -- starting train_graphs_98ac8584
2022-05-15 07:07:14,778	INFO trial_runner.py:803 -- starting train_graphs_bed4206e
2022-05-15 07:10:13,793	INFO trial_runner.py:803 -- starting train_graphs_e297ac50
2022-05-15 07:10:27,795	INFO trial_runner.py:803 -- starting train_graphs_4d4cc2c4
2022-05-15 07:18:01,834	INFO trial_runner.py:803 -- starting train_graphs_55a36720
2022-05-15 07:18:18,836	INFO trial_runner.py:803 -- starting train_graphs_64474cd2
2022-05-15 07:22:51,858	INFO trial_runner.py:803 -- starting train_graphs_6e664b82
2022-05-15 07:23:56,863	INFO trial_runner.py:803 -- starting train_graphs_13b4ac14
2022-05-15 07:28:34,886	INFO trial_runner.py:803 -- starting train_graphs_37ecf9d8
2022-05-15 07:32:41,906	INFO trial_runner.py:803 -- starting train_graphs_dd98ce02
2022-05-15 07:36:20,924	INFO trial_runner.py:803 -- starting train_graphs_70d6b6de
2022-05-15 07:42:44,957	INFO trial_runner.py:803 -- starting train_graphs_f3608116
2022-05-15 07:43:46,962	INFO trial_runner.py:803 -- starting train_graphs_d84aa3f6
2022-05-15 07:46:22,976	INFO trial_runner.py:803 -- starting train_graphs_fd3cc9aa
2022-05-15 07:46:29,977	INFO trial_runner.py:803 -- starting train_graphs_5a3abe5a
2022-05-15 07:52:23,008	INFO trial_runner.py:803 -- starting train_graphs_5e66271c
2022-05-15 07:55:44,025	INFO trial_runner.py:803 -- starting train_graphs_337e35a2
2022-05-15 07:55:51,025	INFO trial_runner.py:803 -- starting train_graphs_ab2a9c6c
2022-05-15 07:56:14,028	INFO trial_runner.py:803 -- starting train_graphs_acd1ed54
2022-05-15 07:56:30,029	INFO trial_runner.py:803 -- starting train_graphs_ba853b04
2022-05-15 07:57:00,032	INFO trial_runner.py:803 -- starting train_graphs_c40ee634
2022-05-15 07:57:31,035	INFO trial_runner.py:803 -- starting train_graphs_d5f41b26
2022-05-15 07:58:11,038	INFO trial_runner.py:803 -- starting train_graphs_e876b966
2022-05-15 08:02:30,061	INFO trial_runner.py:803 -- starting train_graphs_0043cd04
2022-05-15 08:02:39,062	INFO trial_runner.py:803 -- starting train_graphs_9aa9fb34
2022-05-15 08:02:45,062	INFO trial_runner.py:803 -- starting train_graphs_a005231a
2022-05-15 08:05:33,077	INFO trial_runner.py:803 -- starting train_graphs_a398266c
2022-05-15 08:07:42,090	INFO trial_runner.py:803 -- starting train_graphs_07bde884
2022-05-15 08:12:48,117	INFO trial_runner.py:803 -- starting train_graphs_57ceebf2
2022-05-15 08:20:30,156	INFO trial_runner.py:803 -- starting train_graphs_0b0b9eea
2022-05-15 08:21:41,164	INFO trial_runner.py:803 -- starting train_graphs_1e716bd0
2022-05-15 08:21:48,165	INFO trial_runner.py:803 -- starting train_graphs_4b1d6daa
2022-05-15 08:25:40,184	INFO trial_runner.py:803 -- starting train_graphs_4cf1b4d8
2022-05-15 08:27:17,192	INFO trial_runner.py:803 -- starting train_graphs_d994d3f2
2022-05-15 08:30:32,208	INFO trial_runner.py:803 -- starting train_graphs_110ebde8
2022-05-15 08:31:15,211	INFO trial_runner.py:803 -- starting train_graphs_854b298a
2022-05-15 08:32:14,216	INFO trial_runner.py:803 -- starting train_graphs_9eec27d6
2022-05-15 08:35:57,235	INFO trial_runner.py:803 -- starting train_graphs_c21863fa
2022-05-15 08:38:43,249	INFO trial_runner.py:803 -- starting train_graphs_47062692
2022-05-15 08:40:45,259	INFO trial_runner.py:803 -- starting train_graphs_a9f9cf92
2022-05-15 08:42:55,270	INFO trial_runner.py:803 -- starting train_graphs_f2b78ee0
2022-05-15 08:44:40,279	INFO trial_runner.py:803 -- starting train_graphs_4031465c
2022-05-15 08:46:47,290	INFO trial_runner.py:803 -- starting train_graphs_7ecbc82e
2022-05-15 08:48:08,297	INFO trial_runner.py:803 -- starting train_graphs_ccf753ba
2022-05-15 08:49:31,304	INFO trial_runner.py:803 -- starting train_graphs_faca6930
2022-05-15 08:53:45,325	INFO trial_runner.py:803 -- starting train_graphs_2c3f7988
2022-05-15 08:54:02,327	INFO trial_runner.py:803 -- starting train_graphs_c3a7f638
2022-05-15 10:45:25,876	INFO tune.py:702 -- Total run time: 42232.69 seconds (42232.40 seconds for the tuning loop).
