slurmstepd: info: Setting TMPDIR to /scratch/151639. Previous errors about TMPDIR can be discarded

(Ray_tune.py:147451): Gdk-CRITICAL **: 19:32:57.050: gdk_cursor_new_for_display: assertion 'GDK_IS_DISPLAY (display)' failed
2022-05-12 19:33:05,179	WARNING function_runner.py:599 -- Function checkpointing is disabled. This may result in unexpected behavior when using checkpointing features or certain schedulers. To enable, set the train function arguments to be `func(config, checkpoint_dir=None)`.
2022-05-12 19:33:05,385	INFO trial_runner.py:803 -- starting train_graphs_94b62eb6
2022-05-12 19:33:08,410	INFO trial_runner.py:803 -- starting train_graphs_96951094
2022-05-12 19:33:08,453	INFO trial_runner.py:803 -- starting train_graphs_969b984c
2022-05-12 19:33:08,490	INFO trial_runner.py:803 -- starting train_graphs_96a14314
2022-05-12 19:33:08,516	INFO trial_runner.py:803 -- starting train_graphs_96a53046
2022-05-12 19:33:08,559	INFO trial_runner.py:803 -- starting train_graphs_96abcc6c
2022-05-12 19:33:08,588	INFO trial_runner.py:803 -- starting train_graphs_96b03464
2022-05-12 19:33:08,626	INFO trial_runner.py:803 -- starting train_graphs_96b5f37c
2022-05-12 19:33:08,653	INFO trial_runner.py:803 -- starting train_graphs_96ba2b18
2022-05-12 19:33:08,699	INFO trial_runner.py:803 -- starting train_graphs_96c10c62
2022-05-12 19:33:08,731	INFO trial_runner.py:803 -- starting train_graphs_96c60032
2022-05-12 19:33:08,754	INFO trial_runner.py:803 -- starting train_graphs_96c97230
2022-05-12 19:33:08,787	INFO trial_runner.py:803 -- starting train_graphs_96ce8130
2022-05-12 19:33:08,832	INFO trial_runner.py:803 -- starting train_graphs_96d54b6e
2022-05-12 19:33:08,863	INFO trial_runner.py:803 -- starting train_graphs_96da0ba4
2022-05-12 19:33:08,900	INFO trial_runner.py:803 -- starting train_graphs_96dfc5a8
2022-05-12 19:36:51,144	INFO trial_runner.py:803 -- starting train_graphs_96e5c0b6
2022-05-12 19:36:55,145	INFO trial_runner.py:803 -- starting train_graphs_1b5e78ce
2022-05-12 19:37:02,146	INFO trial_runner.py:803 -- starting train_graphs_20303996
2022-05-12 19:37:04,147	INFO trial_runner.py:803 -- starting train_graphs_21ec344c
2022-05-12 19:38:23,155	INFO trial_runner.py:803 -- starting train_graphs_231d8ea6
2022-05-12 19:39:09,159	INFO trial_runner.py:803 -- starting train_graphs_52375776
2022-05-12 19:40:22,165	INFO trial_runner.py:803 -- starting train_graphs_70361924
2022-05-12 19:41:31,173	INFO trial_runner.py:803 -- starting train_graphs_9c5ac8d8
2022-05-12 19:41:33,173	INFO trial_runner.py:803 -- starting train_graphs_c246a8d2
2022-05-12 19:41:55,175	INFO trial_runner.py:803 -- starting train_graphs_c37a0712
2022-05-12 19:42:42,179	INFO trial_runner.py:803 -- starting train_graphs_d0958318
2022-05-12 19:43:52,186	INFO trial_runner.py:803 -- starting train_graphs_ec9aabce
2022-05-12 19:45:53,201	INFO trial_runner.py:803 -- starting train_graphs_1653c770
2022-05-12 19:47:32,209	INFO trial_runner.py:803 -- starting train_graphs_5e75eb3c
2022-05-12 19:47:59,212	INFO trial_runner.py:803 -- starting train_graphs_9978698a
2022-05-12 19:49:17,219	INFO trial_runner.py:803 -- starting train_graphs_a990bc0a
2022-05-12 19:49:30,221	INFO trial_runner.py:803 -- starting train_graphs_d80df7b4
2022-05-12 19:50:23,227	INFO trial_runner.py:803 -- starting train_graphs_dfce292e
2022-05-12 19:54:57,254	INFO trial_runner.py:803 -- starting train_graphs_ff663e7a
2022-05-12 19:56:22,262	INFO trial_runner.py:803 -- starting train_graphs_a2c1b02c
2022-05-12 19:59:06,279	INFO trial_runner.py:803 -- starting train_graphs_d5680b02
2022-05-12 19:59:07,288	INFO trial_runner.py:803 -- starting train_graphs_372a3842
2022-05-12 20:04:43,314	INFO trial_runner.py:803 -- starting train_graphs_37c64f98
2022-05-12 20:07:01,328	INFO trial_runner.py:803 -- starting train_graphs_000d2eea
2022-05-12 20:07:24,329	INFO trial_runner.py:803 -- starting train_graphs_5250bc6c
2022-05-12 20:10:04,344	INFO trial_runner.py:803 -- starting train_graphs_600a86bc
2022-05-12 20:11:17,351	INFO trial_runner.py:803 -- starting train_graphs_bf666342
2022-05-12 20:13:07,362	INFO trial_runner.py:803 -- starting train_graphs_eaeaa794
2022-05-12 20:14:09,367	INFO trial_runner.py:803 -- starting train_graphs_2c7dfcd8
2022-05-12 20:15:21,374	INFO trial_runner.py:803 -- starting train_graphs_51741ff4
2022-05-12 20:17:18,385	INFO trial_runner.py:803 -- starting train_graphs_7fb9154a
2022-05-12 20:19:42,399	INFO trial_runner.py:803 -- starting train_graphs_c52dcdb4
2022-05-12 20:19:52,400	INFO trial_runner.py:803 -- starting train_graphs_17f2c496
2022-05-12 20:19:59,401	INFO trial_runner.py:803 -- starting train_graphs_1dea268c
2022-05-12 20:21:01,407	INFO trial_runner.py:803 -- starting train_graphs_2214b074
2022-05-12 20:22:16,414	INFO trial_runner.py:803 -- starting train_graphs_470ceef0
2022-05-12 20:23:23,423	INFO trial_runner.py:803 -- starting train_graphs_73c17236
2022-05-12 20:23:29,424	INFO trial_runner.py:803 -- starting train_graphs_9e7a006a
2022-05-12 20:26:17,442	INFO trial_runner.py:803 -- starting train_graphs_9f43fdca
2022-05-12 20:27:25,450	INFO trial_runner.py:803 -- starting train_graphs_036886c2
2022-05-12 20:28:12,456	INFO trial_runner.py:803 -- starting train_graphs_2bf20a96
2022-05-12 20:29:00,462	INFO trial_runner.py:803 -- starting train_graphs_47f964e6
2022-05-12 20:29:17,463	INFO trial_runner.py:803 -- starting train_graphs_6493c6a0
2022-05-12 20:31:24,478	INFO trial_runner.py:803 -- starting train_graphs_70e3a8b2
2022-05-12 20:33:43,491	INFO trial_runner.py:803 -- starting train_graphs_ba6bb5ec
2022-05-12 20:35:48,503	INFO trial_runner.py:803 -- starting train_graphs_0d4b8878
2022-05-12 20:37:22,512	INFO trial_runner.py:803 -- starting train_graphs_57cdc9ba
2022-05-12 20:37:28,513	INFO trial_runner.py:803 -- starting train_graphs_92ba6b00
2022-05-12 20:40:43,534	INFO trial_runner.py:803 -- starting train_graphs_95f5d1ba
2022-05-12 20:42:04,548	INFO trial_runner.py:803 -- starting train_graphs_07a56398
2022-05-12 20:46:08,572	INFO trial_runner.py:803 -- starting train_graphs_37f4fd92
2022-05-12 20:50:22,596	INFO trial_runner.py:803 -- starting train_graphs_c961f19a
2022-05-12 20:52:03,606	INFO trial_runner.py:803 -- starting train_graphs_60ca744e
2022-05-12 20:52:25,608	INFO trial_runner.py:803 -- starting train_graphs_a0113a48
2022-05-12 20:53:19,613	INFO trial_runner.py:803 -- starting train_graphs_aa1bc7ce
2022-05-12 20:54:06,618	INFO trial_runner.py:803 -- starting train_graphs_ca4f246e
2022-05-12 20:55:49,628	INFO trial_runner.py:803 -- starting train_graphs_e6511cc6
2022-05-12 20:56:42,634	INFO trial_runner.py:803 -- starting train_graphs_23b8050c
2022-05-12 20:58:46,646	INFO trial_runner.py:803 -- starting train_graphs_434fd8d6
2022-05-12 20:59:59,653	INFO trial_runner.py:803 -- starting train_graphs_8d39af94
2022-05-12 21:02:12,664	INFO trial_runner.py:803 -- starting train_graphs_b8be1042
2022-05-12 21:02:32,667	INFO trial_runner.py:803 -- starting train_graphs_08067c0c
2022-05-12 21:04:22,679	INFO trial_runner.py:803 -- starting train_graphs_165c5682
2022-05-12 21:04:31,679	INFO trial_runner.py:803 -- starting train_graphs_586fc298
2022-05-12 21:05:38,687	INFO trial_runner.py:803 -- starting train_graphs_5ae3d528
2022-05-12 21:06:25,691	INFO trial_runner.py:803 -- starting train_graphs_82d3cb4c
2022-05-12 21:07:20,696	INFO trial_runner.py:803 -- starting train_graphs_a1561a8e
2022-05-12 21:08:35,704	INFO trial_runner.py:803 -- starting train_graphs_bfa5dfb0
2022-05-12 21:08:44,705	INFO trial_runner.py:803 -- starting train_graphs_ec59673e
2022-05-12 21:09:22,709	INFO trial_runner.py:803 -- starting train_graphs_f1b48812
2022-05-12 21:10:57,719	INFO trial_runner.py:803 -- starting train_graphs_08594904
2022-05-12 21:11:48,724	INFO trial_runner.py:803 -- starting train_graphs_441ad656
2022-05-12 21:11:55,729	INFO trial_runner.py:803 -- starting train_graphs_5f641c6a
2022-05-12 21:12:41,733	INFO trial_runner.py:803 -- starting train_graphs_639a7f68
2022-05-12 21:12:49,734	INFO trial_runner.py:803 -- starting train_graphs_7f07f8d4
2022-05-12 21:14:11,745	INFO trial_runner.py:803 -- starting train_graphs_83c10118
2022-05-12 21:14:33,747	INFO trial_runner.py:803 -- starting train_graphs_b4a1ba98
2022-05-12 21:15:09,751	INFO trial_runner.py:803 -- starting train_graphs_c1c023f4
2022-05-12 21:15:18,753	INFO trial_runner.py:803 -- starting train_graphs_d73e78b6
2022-05-12 21:15:40,758	INFO trial_runner.py:803 -- starting train_graphs_dc931c5e
2022-05-12 21:15:40,810	INFO trial_runner.py:803 -- starting train_graphs_e9af38d2
2022-05-12 21:16:38,765	INFO trial_runner.py:803 -- starting train_graphs_e9b786ae
2022-05-12 21:17:04,768	INFO trial_runner.py:803 -- starting train_graphs_0c43d6b4
2022-05-12 21:17:46,772	INFO trial_runner.py:803 -- starting train_graphs_1bc3f9b6
2022-05-12 21:17:56,773	INFO trial_runner.py:803 -- starting train_graphs_34cc35f4
2022-05-12 21:18:25,776	INFO trial_runner.py:803 -- starting train_graphs_3ac2a24a
2022-05-12 21:23:32,805	INFO trial_runner.py:803 -- starting train_graphs_4c0b89ae
2022-05-12 21:29:48,841	INFO trial_runner.py:803 -- starting train_graphs_030d5cfe
2022-05-12 21:33:06,860	INFO trial_runner.py:803 -- starting train_graphs_e330508e
2022-05-12 21:34:09,866	INFO trial_runner.py:803 -- starting train_graphs_59371d58
2022-05-12 21:36:51,883	INFO trial_runner.py:803 -- starting train_graphs_7ec46468
2022-05-12 21:37:15,886	INFO trial_runner.py:803 -- starting train_graphs_df5a34ec
2022-05-12 21:37:52,889	INFO trial_runner.py:803 -- starting train_graphs_eda365d2
2022-05-12 21:41:49,913	INFO trial_runner.py:803 -- starting train_graphs_03b79924
2022-05-12 21:46:52,943	INFO trial_runner.py:803 -- starting train_graphs_90f9aa98
2022-05-12 21:48:47,957	INFO trial_runner.py:803 -- starting train_graphs_459a79be
2022-05-12 21:51:07,974	INFO trial_runner.py:803 -- starting train_graphs_8a252e4e
2022-05-12 21:54:17,997	INFO trial_runner.py:803 -- starting train_graphs_e06b40fe
2022-05-12 21:55:59,013	INFO trial_runner.py:803 -- starting train_graphs_4edd8fec
2022-05-12 21:58:39,030	INFO trial_runner.py:803 -- starting train_graphs_8d8a75fc
2022-05-12 22:02:28,059	INFO trial_runner.py:803 -- starting train_graphs_ed306156
2022-05-12 22:03:21,066	INFO trial_runner.py:803 -- starting train_graphs_72f9005e
2022-05-12 22:03:21,126	INFO trial_runner.py:803 -- starting train_graphs_928f7826
2022-05-12 22:06:10,084	INFO trial_runner.py:803 -- starting train_graphs_9298c3f4
2022-05-12 22:07:03,088	INFO trial_runner.py:803 -- starting train_graphs_f74dc240
2022-05-12 22:07:47,093	INFO trial_runner.py:803 -- starting train_graphs_16e46ece
2022-05-12 22:08:34,098	INFO trial_runner.py:803 -- starting train_graphs_3121a8ba
2022-05-12 22:11:01,110	INFO trial_runner.py:803 -- starting train_graphs_4d23e1e0
2022-05-12 22:11:24,112	INFO trial_runner.py:803 -- starting train_graphs_a75c3b44
2022-05-12 22:12:27,120	INFO trial_runner.py:803 -- starting train_graphs_b279a908
2022-05-12 22:14:51,134	INFO trial_runner.py:803 -- starting train_graphs_d80a1efa
2022-05-12 22:17:16,150	INFO trial_runner.py:803 -- starting train_graphs_2de3a2b0
2022-05-12 22:19:37,165	INFO trial_runner.py:803 -- starting train_graphs_84533480
2022-05-12 22:20:54,173	INFO trial_runner.py:803 -- starting train_graphs_d85c1aec
2022-05-12 22:22:35,185	INFO trial_runner.py:803 -- starting train_graphs_06426150
2022-05-12 22:28:32,224	INFO trial_runner.py:803 -- starting train_graphs_4532b43c
2022-05-12 22:29:01,227	INFO trial_runner.py:803 -- starting train_graphs_1a34eb32
2022-05-12 22:35:45,276	INFO trial_runner.py:803 -- starting train_graphs_2890ebd6
2022-05-12 22:38:49,297	INFO trial_runner.py:803 -- starting train_graphs_196650f0
2022-05-12 22:43:47,327	INFO trial_runner.py:803 -- starting train_graphs_8715bfaa
2022-05-12 22:49:11,362	INFO trial_runner.py:803 -- starting train_graphs_3baf26e0
2022-05-12 22:59:55,424	INFO trial_runner.py:803 -- starting train_graphs_fc9d16b4
2022-05-12 23:04:28,451	INFO trial_runner.py:803 -- starting train_graphs_79c0dabc
2022-05-12 23:05:38,459	INFO trial_runner.py:803 -- starting train_graphs_1f131520
2022-05-12 23:19:54,548	INFO trial_runner.py:803 -- starting train_graphs_49564e6a
2022-05-12 23:24:02,574	INFO trial_runner.py:803 -- starting train_graphs_447d333e
2022-05-12 23:25:57,593	INFO trial_runner.py:803 -- starting train_graphs_d853bf06
2022-05-12 23:31:26,629	INFO trial_runner.py:803 -- starting train_graphs_1ce16fec
2022-05-12 23:38:46,673	INFO trial_runner.py:803 -- starting train_graphs_e103a6e2
2022-05-12 23:39:49,679	INFO trial_runner.py:803 -- starting train_graphs_e7492e40
2022-05-12 23:41:23,688	INFO trial_runner.py:803 -- starting train_graphs_0cd8c706
2022-05-12 23:52:55,759	INFO trial_runner.py:803 -- starting train_graphs_44df8388
2022-05-12 23:53:03,760	INFO trial_runner.py:803 -- starting train_graphs_e16277e6
2022-05-13 00:00:49,813	INFO trial_runner.py:803 -- starting train_graphs_e625eac4
2022-05-13 00:09:51,872	INFO trial_runner.py:803 -- starting train_graphs_fbf1c78c
2022-05-13 00:11:12,881	INFO trial_runner.py:803 -- starting train_graphs_3f085e68
2022-05-13 00:11:42,884	INFO trial_runner.py:803 -- starting train_graphs_726e6838
2022-05-13 00:16:48,919	INFO trial_runner.py:803 -- starting train_graphs_8133824a
2022-05-13 00:16:53,920	INFO trial_runner.py:803 -- starting train_graphs_379ff3e2
2022-05-13 00:18:58,933	INFO trial_runner.py:803 -- starting train_graphs_3a9855f8
2022-05-13 00:19:03,934	INFO trial_runner.py:803 -- starting train_graphs_851b3816
2022-05-13 00:19:08,934	INFO trial_runner.py:803 -- starting train_graphs_8817a392
2022-05-13 00:21:06,946	INFO trial_runner.py:803 -- starting train_graphs_8b10e270
2022-05-13 00:28:15,991	INFO trial_runner.py:803 -- starting train_graphs_d48d75da
2022-05-13 00:29:18,998	INFO trial_runner.py:803 -- starting train_graphs_d12741fe
2022-05-13 00:29:47,000	INFO trial_runner.py:803 -- starting train_graphs_f6b1ea78
2022-05-13 00:42:56,086	INFO trial_runner.py:803 -- starting train_graphs_0768b414
2022-05-13 00:43:00,087	INFO trial_runner.py:803 -- starting train_graphs_ddb9ea46
2022-05-13 00:43:02,087	INFO trial_runner.py:803 -- starting train_graphs_e0cc26cc
2022-05-13 00:44:55,098	INFO trial_runner.py:803 -- starting train_graphs_e14c5518
2022-05-13 00:45:48,103	INFO trial_runner.py:803 -- starting train_graphs_24a7a876
2022-05-13 00:46:09,106	INFO trial_runner.py:803 -- starting train_graphs_46d902a0
2022-05-13 00:49:28,130	INFO trial_runner.py:803 -- starting train_graphs_50c6c702
2022-05-13 00:49:45,133	INFO trial_runner.py:803 -- starting train_graphs_c764ac1c
2022-05-13 00:54:51,164	INFO trial_runner.py:803 -- starting train_graphs_d188db14
2022-05-13 00:55:22,167	INFO trial_runner.py:803 -- starting train_graphs_87f076be
2022-05-13 00:57:54,185	INFO trial_runner.py:803 -- starting train_graphs_9ce4fd56
2022-05-13 01:01:38,209	INFO trial_runner.py:803 -- starting train_graphs_f50914f4
2022-05-13 01:05:44,232	INFO trial_runner.py:803 -- starting train_graphs_7a91d23c
2022-05-13 01:09:57,257	INFO trial_runner.py:803 -- starting train_graphs_1038730e
2022-05-13 01:12:17,271	INFO trial_runner.py:803 -- starting train_graphs_a4034776
2022-05-13 01:13:56,280	INFO trial_runner.py:803 -- starting train_graphs_fa84d8ee
2022-05-13 01:14:56,286	INFO trial_runner.py:803 -- starting train_graphs_327bcda2
2022-05-13 01:19:17,313	INFO trial_runner.py:803 -- starting train_graphs_563e2ed8
2022-05-13 01:19:23,314	INFO trial_runner.py:803 -- starting train_graphs_f1d4adcc
2022-05-13 01:25:07,349	INFO trial_runner.py:803 -- starting train_graphs_f56a0590
2022-05-13 01:25:18,350	INFO trial_runner.py:803 -- starting train_graphs_c27a6fca
2022-05-13 01:26:07,354	INFO trial_runner.py:803 -- starting train_graphs_cb6add90
2022-05-13 01:26:07,418	INFO trial_runner.py:803 -- starting train_graphs_e63c32fe
2022-05-13 01:27:41,365	INFO trial_runner.py:803 -- starting train_graphs_e646a0ea
2022-05-13 01:29:24,375	INFO trial_runner.py:803 -- starting train_graphs_1e4552a2
2022-05-13 01:36:56,424	INFO trial_runner.py:803 -- starting train_graphs_5bace894
2022-05-13 01:37:38,428	INFO trial_runner.py:803 -- starting train_graphs_691be66e
2022-05-13 01:38:56,436	INFO trial_runner.py:803 -- starting train_graphs_84d614d8
2022-05-13 01:39:23,441	INFO trial_runner.py:803 -- starting train_graphs_b0a41ec0
2022-05-13 01:43:25,466	INFO trial_runner.py:803 -- starting train_graphs_c0bf3646
2022-05-13 01:45:03,476	INFO trial_runner.py:803 -- starting train_graphs_50ff2252
2022-05-13 01:47:34,492	INFO trial_runner.py:803 -- starting train_graphs_8b6c133c
2022-05-13 01:53:29,531	INFO trial_runner.py:803 -- starting train_graphs_e56d2ede
2022-05-13 01:55:05,541	INFO trial_runner.py:803 -- starting train_graphs_b918f470
2022-05-13 01:58:46,566	INFO trial_runner.py:803 -- starting train_graphs_f564a8ca
2022-05-13 02:01:03,589	INFO trial_runner.py:803 -- starting train_graphs_76054a34
2022-05-13 02:06:48,646	INFO trial_runner.py:803 -- starting train_graphs_c7af6004
2022-05-13 02:09:18,669	INFO trial_runner.py:803 -- starting train_graphs_955cfb74
2022-05-13 02:15:56,736	INFO trial_runner.py:803 -- starting train_graphs_eec65c8c
2022-05-13 02:18:20,760	INFO trial_runner.py:803 -- starting train_graphs_dc0d81fa
2022-05-13 02:20:22,780	INFO trial_runner.py:803 -- starting train_graphs_31e75588
2022-05-13 02:21:47,793	INFO trial_runner.py:803 -- starting train_graphs_7d962cc0
2022-05-13 02:25:19,829	INFO trial_runner.py:803 -- starting train_graphs_ad49ecc2
2022-05-13 02:27:12,848	INFO trial_runner.py:803 -- starting train_graphs_2babc176
2022-05-13 02:27:17,848	INFO trial_runner.py:803 -- starting train_graphs_6f0b18d6
2022-05-13 02:29:55,875	INFO trial_runner.py:803 -- starting train_graphs_72037a88
2022-05-13 02:30:53,884	INFO trial_runner.py:803 -- starting train_graphs_d0351efe
2022-05-13 02:40:22,980	INFO trial_runner.py:803 -- starting train_graphs_f2c81d7c
2022-05-13 02:40:51,983	INFO trial_runner.py:803 -- starting train_graphs_45fe7cba
2022-05-13 02:44:29,017	INFO trial_runner.py:803 -- starting train_graphs_57495940
2022-05-13 02:48:34,055	INFO trial_runner.py:803 -- starting train_graphs_db1a0760
2022-05-13 02:50:29,065	INFO trial_runner.py:803 -- starting train_graphs_6ab35a70
2022-05-13 02:50:49,067	INFO trial_runner.py:803 -- starting train_graphs_af3f8f92
2022-05-13 02:51:34,071	INFO trial_runner.py:803 -- starting train_graphs_bb2af1d4
2022-05-13 02:52:48,077	INFO trial_runner.py:803 -- starting train_graphs_d5fdfc18
2022-05-13 02:55:41,093	INFO trial_runner.py:803 -- starting train_graphs_021acfce
2022-05-13 02:57:35,103	INFO trial_runner.py:803 -- starting train_graphs_693aa2c4
2022-05-13 03:00:37,121	INFO trial_runner.py:803 -- starting train_graphs_ad2f4d0e
2022-05-13 03:01:42,125	INFO trial_runner.py:803 -- starting train_graphs_1c50e17a
2022-05-13 03:06:43,155	INFO trial_runner.py:803 -- starting train_graphs_4304a004
2022-05-13 03:07:47,161	INFO trial_runner.py:803 -- starting train_graphs_f6632e86
2022-05-13 03:08:14,162	INFO trial_runner.py:803 -- starting train_graphs_1a07e6ec
2022-05-13 03:09:08,168	INFO trial_runner.py:803 -- starting train_graphs_2a1797c6
2022-05-13 03:11:15,180	INFO trial_runner.py:803 -- starting train_graphs_4a486c50
2022-05-13 03:14:42,205	INFO trial_runner.py:803 -- starting train_graphs_9892114a
2022-05-13 03:21:39,242	INFO trial_runner.py:803 -- starting train_graphs_1162ae36
2022-05-13 03:23:33,253	INFO trial_runner.py:803 -- starting train_graphs_09f5828a
2022-05-13 03:24:07,257	INFO trial_runner.py:803 -- starting train_graphs_4dea5f10
2022-05-13 03:25:52,265	INFO trial_runner.py:803 -- starting train_graphs_622f68f8
2022-05-13 03:28:51,281	INFO trial_runner.py:803 -- starting train_graphs_a0c51f2c
2022-05-13 03:32:02,299	INFO trial_runner.py:803 -- starting train_graphs_0b7dd8ea
2022-05-13 03:33:45,308	INFO trial_runner.py:803 -- starting train_graphs_7d5803dc
2022-05-13 03:36:36,324	INFO trial_runner.py:803 -- starting train_graphs_baba54aa
2022-05-13 03:38:08,333	INFO trial_runner.py:803 -- starting train_graphs_20a90e8c
2022-05-13 03:42:28,357	INFO trial_runner.py:803 -- starting train_graphs_57805e10
2022-05-13 03:44:40,369	INFO trial_runner.py:803 -- starting train_graphs_f27d4d24
2022-05-13 03:44:49,370	INFO trial_runner.py:803 -- starting train_graphs_41354e30
2022-05-13 03:46:35,380	INFO trial_runner.py:803 -- starting train_graphs_468a0948
2022-05-13 03:51:08,407	INFO trial_runner.py:803 -- starting train_graphs_85b9ea52
2022-05-13 03:51:13,406	INFO trial_runner.py:803 -- starting train_graphs_2af25270
2022-05-13 03:52:28,414	INFO trial_runner.py:803 -- starting train_graphs_2b724b4c
2022-05-13 03:52:39,414	INFO trial_runner.py:803 -- starting train_graphs_5a9bcfa6
2022-05-13 03:54:12,423	INFO trial_runner.py:803 -- starting train_graphs_5eb4778c
2022-05-13 03:55:23,429	INFO trial_runner.py:803 -- starting train_graphs_96250df8
2022-05-13 03:55:55,432	INFO trial_runner.py:803 -- starting train_graphs_c08184e6
2022-05-13 03:58:24,446	INFO trial_runner.py:803 -- starting train_graphs_d38a86a0
2022-05-13 03:58:35,446	INFO trial_runner.py:803 -- starting train_graphs_2c5f16f6
2022-05-13 03:59:15,451	INFO trial_runner.py:803 -- starting train_graphs_355f1fe4
2022-05-13 03:59:43,453	INFO trial_runner.py:803 -- starting train_graphs_4cfccb56
2022-05-13 04:03:52,475	INFO trial_runner.py:803 -- starting train_graphs_5b76065c
2022-05-13 04:04:34,479	INFO trial_runner.py:803 -- starting train_graphs_efe3a83a
2022-05-13 04:06:16,489	INFO trial_runner.py:803 -- starting train_graphs_08eae834
2022-05-13 04:10:32,512	INFO trial_runner.py:803 -- starting train_graphs_45bac6a8
2022-05-13 04:11:11,515	INFO trial_runner.py:803 -- starting train_graphs_de52c4ce
slurmstepd: error: *** JOB 151639 ON ilk-115 CANCELLED AT 2022-05-13T05:33:14 DUE TO TIME LIMIT ***
