slurmstepd: info: Setting TMPDIR to /scratch/159142. Previous errors about TMPDIR can be discarded

(Ray_tune.py:1700333): Gdk-CRITICAL **: 20:10:19.846: gdk_cursor_new_for_display: assertion 'GDK_IS_DISPLAY (display)' failed
2022-05-14 20:10:27,110	WARNING function_runner.py:599 -- Function checkpointing is disabled. This may result in unexpected behavior when using checkpointing features or certain schedulers. To enable, set the train function arguments to be `func(config, checkpoint_dir=None)`.
2022-05-14 20:10:27,296	INFO trial_runner.py:803 -- starting train_graphs_21d213bc
2022-05-14 20:10:30,537	INFO trial_runner.py:803 -- starting train_graphs_23d1aff6
2022-05-14 20:10:30,554	INFO trial_runner.py:803 -- starting train_graphs_23d485d2
2022-05-14 20:10:30,587	INFO trial_runner.py:803 -- starting train_graphs_23d99ea0
2022-05-14 20:10:30,605	INFO trial_runner.py:803 -- starting train_graphs_23dc44e8
2022-05-14 20:10:30,632	INFO trial_runner.py:803 -- starting train_graphs_23e06604
2022-05-14 20:10:30,649	INFO trial_runner.py:803 -- starting train_graphs_23e2f004
2022-05-14 20:10:30,665	INFO trial_runner.py:803 -- starting train_graphs_23e578f6
2022-05-14 20:10:30,696	INFO trial_runner.py:803 -- starting train_graphs_23ea2194
2022-05-14 20:10:30,721	INFO trial_runner.py:803 -- starting train_graphs_23ee109c
2022-05-14 20:10:30,737	INFO trial_runner.py:803 -- starting train_graphs_23f08610
2022-05-14 20:10:30,765	INFO trial_runner.py:803 -- starting train_graphs_23f4b1a4
2022-05-14 20:10:30,781	INFO trial_runner.py:803 -- starting train_graphs_23f737d0
2022-05-14 20:10:30,799	INFO trial_runner.py:803 -- starting train_graphs_23f9e26e
2022-05-14 20:10:30,817	INFO trial_runner.py:803 -- starting train_graphs_23fc94dc
2022-05-14 20:10:30,847	INFO trial_runner.py:803 -- starting train_graphs_2400f0ea
2022-05-14 20:11:22,947	INFO trial_runner.py:803 -- starting train_graphs_2405b18e
2022-05-14 20:11:34,947	INFO trial_runner.py:803 -- starting train_graphs_455b754e
2022-05-14 20:11:35,948	INFO trial_runner.py:803 -- starting train_graphs_4a39142c
2022-05-14 20:11:48,949	INFO trial_runner.py:803 -- starting train_graphs_4ad3ead8
2022-05-14 20:11:49,949	INFO trial_runner.py:803 -- starting train_graphs_529170ec
2022-05-14 20:12:20,952	INFO trial_runner.py:803 -- starting train_graphs_5329fe98
2022-05-14 20:12:29,953	INFO trial_runner.py:803 -- starting train_graphs_65a586e6
2022-05-14 20:13:10,957	INFO trial_runner.py:803 -- starting train_graphs_6b031f86
2022-05-14 20:13:54,960	INFO trial_runner.py:803 -- starting train_graphs_83732caa
2022-05-14 20:13:59,961	INFO trial_runner.py:803 -- starting train_graphs_9dada1c2
2022-05-14 20:14:17,963	INFO trial_runner.py:803 -- starting train_graphs_a0ac88e8
2022-05-14 20:14:18,013	INFO trial_runner.py:803 -- starting train_graphs_ab64ce44
2022-05-14 20:15:20,968	INFO trial_runner.py:803 -- starting train_graphs_ab6cb9ce
2022-05-14 20:15:41,970	INFO trial_runner.py:803 -- starting train_graphs_d0f3c692
2022-05-14 20:15:57,972	INFO trial_runner.py:803 -- starting train_graphs_dd78471c
2022-05-14 20:16:19,974	INFO trial_runner.py:803 -- starting train_graphs_e702cf00
2022-05-14 20:16:46,976	INFO trial_runner.py:803 -- starting train_graphs_f41d5ef8
2022-05-14 20:16:54,977	INFO trial_runner.py:803 -- starting train_graphs_0437722e
2022-05-14 20:17:29,979	INFO trial_runner.py:803 -- starting train_graphs_08f9cf0a
2022-05-14 20:19:02,986	INFO trial_runner.py:803 -- starting train_graphs_1dd9c768
2022-05-14 20:19:11,988	INFO trial_runner.py:803 -- starting train_graphs_55475aa8
2022-05-14 20:19:39,990	INFO trial_runner.py:803 -- starting train_graphs_5aa5ff04
2022-05-14 20:19:45,990	INFO trial_runner.py:803 -- starting train_graphs_6b583cd6
2022-05-14 20:20:01,992	INFO trial_runner.py:803 -- starting train_graphs_6ee8a7dc
2022-05-14 20:20:03,992	INFO trial_runner.py:803 -- starting train_graphs_78749bbc
2022-05-14 20:20:06,992	INFO trial_runner.py:803 -- starting train_graphs_79a4c39a
2022-05-14 20:22:09,002	INFO trial_runner.py:803 -- starting train_graphs_7b705da6
2022-05-14 20:25:41,018	INFO trial_runner.py:803 -- starting train_graphs_c4276bd4
2022-05-14 20:26:48,023	INFO trial_runner.py:803 -- starting train_graphs_42856f1c
2022-05-14 20:26:56,024	INFO trial_runner.py:803 -- starting train_graphs_6a75d50c
2022-05-14 20:27:56,030	INFO trial_runner.py:803 -- starting train_graphs_6f3ce120
2022-05-14 20:28:01,030	INFO trial_runner.py:803 -- starting train_graphs_92fedc30
2022-05-14 20:29:58,040	INFO trial_runner.py:803 -- starting train_graphs_95fbacf6
2022-05-14 20:30:49,044	INFO trial_runner.py:803 -- starting train_graphs_dbb95450
2022-05-14 20:30:57,045	INFO trial_runner.py:803 -- starting train_graphs_fa220824
2022-05-14 20:34:04,063	INFO trial_runner.py:803 -- starting train_graphs_fee35ee4
2022-05-14 20:34:55,069	INFO trial_runner.py:803 -- starting train_graphs_6e6294e2
2022-05-14 20:34:57,068	INFO trial_runner.py:803 -- starting train_graphs_8cc30200
2022-05-14 20:36:07,075	INFO trial_runner.py:803 -- starting train_graphs_8df3dd20
2022-05-14 20:36:20,076	INFO trial_runner.py:803 -- starting train_graphs_b7b08be0
2022-05-14 20:37:13,081	INFO trial_runner.py:803 -- starting train_graphs_bf6dd568
2022-05-14 20:37:19,082	INFO trial_runner.py:803 -- starting train_graphs_df0867d0
2022-05-14 20:37:53,086	INFO trial_runner.py:803 -- starting train_graphs_e29a041c
2022-05-14 20:38:44,091	INFO trial_runner.py:803 -- starting train_graphs_f6de212e
2022-05-14 20:41:17,106	INFO trial_runner.py:803 -- starting train_graphs_1544e9c2
2022-05-14 20:42:54,116	INFO trial_runner.py:803 -- starting train_graphs_70794cf2
2022-05-14 20:43:25,119	INFO trial_runner.py:803 -- starting train_graphs_aa4c0780
2022-05-14 20:44:08,123	INFO trial_runner.py:803 -- starting train_graphs_bcc69952
2022-05-14 20:44:30,126	INFO trial_runner.py:803 -- starting train_graphs_d6685f3a
2022-05-14 20:46:00,134	INFO trial_runner.py:803 -- starting train_graphs_e385a844
2022-05-14 20:46:24,137	INFO trial_runner.py:803 -- starting train_graphs_192d8354
2022-05-14 20:46:53,140	INFO trial_runner.py:803 -- starting train_graphs_277c37f2
2022-05-14 20:47:56,145	INFO trial_runner.py:803 -- starting train_graphs_38c3a5e0
2022-05-14 20:48:02,146	INFO trial_runner.py:803 -- starting train_graphs_5e54a4da
2022-05-14 20:48:34,149	INFO trial_runner.py:803 -- starting train_graphs_61e5f0a4
2022-05-14 20:48:56,151	INFO trial_runner.py:803 -- starting train_graphs_74fba1de
2022-05-14 20:49:53,157	INFO trial_runner.py:803 -- starting train_graphs_84aef6d0
2022-05-14 20:50:54,163	INFO trial_runner.py:803 -- starting train_graphs_a412ac56
2022-05-14 20:51:19,165	INFO trial_runner.py:803 -- starting train_graphs_c86da0c4
2022-05-14 20:51:22,165	INFO trial_runner.py:803 -- starting train_graphs_d756e5fa
2022-05-14 20:51:31,166	INFO trial_runner.py:803 -- starting train_graphs_d920a100
2022-05-14 20:52:59,175	INFO trial_runner.py:803 -- starting train_graphs_de7d9e1e
2022-05-14 20:53:12,175	INFO trial_runner.py:803 -- starting train_graphs_12f0acfe
2022-05-14 20:53:25,177	INFO trial_runner.py:803 -- starting train_graphs_1ab2aa82
2022-05-14 20:53:27,177	INFO trial_runner.py:803 -- starting train_graphs_22711d62
2022-05-14 20:53:54,180	INFO trial_runner.py:803 -- starting train_graphs_23a29a12
2022-05-14 20:54:28,183	INFO trial_runner.py:803 -- starting train_graphs_33bd28a4
2022-05-14 20:54:54,186	INFO trial_runner.py:803 -- starting train_graphs_47feba3a
2022-05-14 20:54:55,186	INFO trial_runner.py:803 -- starting train_graphs_577f9c72
2022-05-14 20:55:24,189	INFO trial_runner.py:803 -- starting train_graphs_5818bb50
2022-05-14 20:55:33,190	INFO trial_runner.py:803 -- starting train_graphs_69620dee
2022-05-14 20:55:49,191	INFO trial_runner.py:803 -- starting train_graphs_6ebe4910
2022-05-14 20:55:54,192	INFO trial_runner.py:803 -- starting train_graphs_784722a4
2022-05-14 20:56:11,193	INFO trial_runner.py:803 -- starting train_graphs_7b46a79a
2022-05-14 20:56:15,194	INFO trial_runner.py:803 -- starting train_graphs_8563dfae
2022-05-14 20:56:29,194	INFO trial_runner.py:803 -- starting train_graphs_87c9ec98
2022-05-14 20:56:56,197	INFO trial_runner.py:803 -- starting train_graphs_901e9bdc
2022-05-14 20:57:00,197	INFO trial_runner.py:803 -- starting train_graphs_a03afefc
2022-05-14 20:57:15,198	INFO trial_runner.py:803 -- starting train_graphs_a299a572
2022-05-14 20:57:26,200	INFO trial_runner.py:803 -- starting train_graphs_ab8be97e
2022-05-14 20:57:36,200	INFO trial_runner.py:803 -- starting train_graphs_b2195cc2
2022-05-14 20:57:42,201	INFO trial_runner.py:803 -- starting train_graphs_b8100338
2022-05-14 20:57:43,202	INFO trial_runner.py:803 -- starting train_graphs_bba49b6c
2022-05-14 20:57:59,203	INFO trial_runner.py:803 -- starting train_graphs_bc3d05b4
2022-05-14 20:58:34,207	INFO trial_runner.py:803 -- starting train_graphs_c5c717dc
2022-05-14 20:58:40,207	INFO trial_runner.py:803 -- starting train_graphs_daa27340
2022-05-14 20:58:48,208	INFO trial_runner.py:803 -- starting train_graphs_de35d7d6
2022-05-14 20:58:52,208	INFO trial_runner.py:803 -- starting train_graphs_e2fd37aa
2022-05-14 20:59:00,209	INFO trial_runner.py:803 -- starting train_graphs_e5609a8c
2022-05-14 20:59:20,211	INFO trial_runner.py:803 -- starting train_graphs_ea24ea82
2022-05-14 20:59:21,211	INFO trial_runner.py:803 -- starting train_graphs_f60d9bb4
2022-05-14 20:59:36,213	INFO trial_runner.py:803 -- starting train_graphs_f6a6ffe8
2022-05-14 21:00:12,216	INFO trial_runner.py:803 -- starting train_graphs_ff9a7332
2022-05-14 21:00:35,218	INFO trial_runner.py:803 -- starting train_graphs_150ea0d0
2022-05-14 21:00:44,219	INFO trial_runner.py:803 -- starting train_graphs_22c48668
2022-05-14 21:01:20,222	INFO trial_runner.py:803 -- starting train_graphs_2820408e
2022-05-14 21:01:49,225	INFO trial_runner.py:803 -- starting train_graphs_3d98a33e
2022-05-14 21:02:10,226	INFO trial_runner.py:803 -- starting train_graphs_4edfd5a4
2022-05-14 21:02:53,230	INFO trial_runner.py:803 -- starting train_graphs_5b65d7e2
2022-05-14 21:02:58,230	INFO trial_runner.py:803 -- starting train_graphs_7769d326
2022-05-14 21:03:32,233	INFO trial_runner.py:803 -- starting train_graphs_780101f6
2022-05-14 21:04:10,237	INFO trial_runner.py:803 -- starting train_graphs_8c45aedc
2022-05-14 21:04:53,240	INFO trial_runner.py:803 -- starting train_graphs_a2ef8ea0
2022-05-14 21:05:06,242	INFO trial_runner.py:803 -- starting train_graphs_bc8eae36
2022-05-14 21:05:36,245	INFO trial_runner.py:803 -- starting train_graphs_c4546688
2022-05-14 21:05:42,245	INFO trial_runner.py:803 -- starting train_graphs_d63737ae
2022-05-14 21:06:07,247	INFO trial_runner.py:803 -- starting train_graphs_d9c67ab0
2022-05-14 21:06:51,252	INFO trial_runner.py:803 -- starting train_graphs_e8aadee0
2022-05-14 21:08:18,259	INFO trial_runner.py:803 -- starting train_graphs_02e6b5f4
2022-05-14 21:08:41,261	INFO trial_runner.py:803 -- starting train_graphs_36c37434
2022-05-14 21:09:15,265	INFO trial_runner.py:803 -- starting train_graphs_447ab1e6
2022-05-14 21:09:48,268	INFO trial_runner.py:803 -- starting train_graphs_58bcb988
2022-05-14 21:10:04,270	INFO trial_runner.py:803 -- starting train_graphs_6c69f0f4
2022-05-14 21:10:24,271	INFO trial_runner.py:803 -- starting train_graphs_7801cae0
2022-05-14 21:10:34,273	INFO trial_runner.py:803 -- starting train_graphs_81ddb786
2022-05-14 21:11:21,278	INFO trial_runner.py:803 -- starting train_graphs_87d4406a
2022-05-14 21:11:40,279	INFO trial_runner.py:803 -- starting train_graphs_a3da1ece
2022-05-14 21:11:45,280	INFO trial_runner.py:803 -- starting train_graphs_af2b7912
2022-05-14 21:12:33,283	INFO trial_runner.py:803 -- starting train_graphs_b2263062
2022-05-14 21:12:45,284	INFO trial_runner.py:803 -- starting train_graphs_cec59992
2022-05-14 21:13:09,286	INFO trial_runner.py:803 -- starting train_graphs_d5ecabc0
2022-05-14 21:13:55,290	INFO trial_runner.py:803 -- starting train_graphs_e438ab98
2022-05-14 21:13:56,290	INFO trial_runner.py:803 -- starting train_graphs_ffa77b52
2022-05-14 21:14:04,290	INFO trial_runner.py:803 -- starting train_graphs_003eed66
2022-05-14 21:14:09,291	INFO trial_runner.py:803 -- starting train_graphs_050180f2
2022-05-14 21:14:09,354	INFO trial_runner.py:803 -- starting train_graphs_07fed2a0
2022-05-14 21:14:21,292	INFO trial_runner.py:803 -- starting train_graphs_080648d2
2022-05-14 21:14:24,293	INFO trial_runner.py:803 -- starting train_graphs_0f23cf04
2022-05-14 21:15:53,301	INFO trial_runner.py:803 -- starting train_graphs_10edf0d0
2022-05-14 21:18:25,314	INFO trial_runner.py:803 -- starting train_graphs_45fb99da
2022-05-14 21:18:43,315	INFO trial_runner.py:803 -- starting train_graphs_a09c5e42
2022-05-14 21:19:53,321	INFO trial_runner.py:803 -- starting train_graphs_ab51c1c4
2022-05-14 21:20:13,322	INFO trial_runner.py:803 -- starting train_graphs_d50e066c
2022-05-14 21:20:30,324	INFO trial_runner.py:803 -- starting train_graphs_e0f77ac6
2022-05-14 21:21:10,327	INFO trial_runner.py:803 -- starting train_graphs_eb1a6ed2
2022-05-14 21:21:38,330	INFO trial_runner.py:803 -- starting train_graphs_02f1b7cc
2022-05-14 21:22:08,333	INFO trial_runner.py:803 -- starting train_graphs_13a35cec
2022-05-14 21:22:43,335	INFO trial_runner.py:803 -- starting train_graphs_2584bc4e
2022-05-14 21:22:44,336	INFO trial_runner.py:803 -- starting train_graphs_3a657d92
2022-05-14 21:23:40,341	INFO trial_runner.py:803 -- starting train_graphs_3cf2932e
2022-05-14 21:24:15,343	INFO trial_runner.py:803 -- starting train_graphs_5c5d5226
2022-05-14 21:24:28,345	INFO trial_runner.py:803 -- starting train_graphs_713926fc
2022-05-14 21:25:03,348	INFO trial_runner.py:803 -- starting train_graphs_78fb7ad4
2022-05-14 21:25:12,348	INFO trial_runner.py:803 -- starting train_graphs_8dd6484e
2022-05-14 21:25:34,350	INFO trial_runner.py:803 -- starting train_graphs_93333680
2022-05-14 21:25:44,351	INFO trial_runner.py:803 -- starting train_graphs_a0508ca0
2022-05-14 21:26:20,353	INFO trial_runner.py:803 -- starting train_graphs_a64661d4
2022-05-14 21:26:40,356	INFO trial_runner.py:803 -- starting train_graphs_bbbc3372
2022-05-14 21:26:58,357	INFO trial_runner.py:803 -- starting train_graphs_c7a82c04
2022-05-14 21:27:28,359	INFO trial_runner.py:803 -- starting train_graphs_d262aac0
2022-05-14 21:27:43,361	INFO trial_runner.py:803 -- starting train_graphs_e446f46c
2022-05-14 21:27:59,363	INFO trial_runner.py:803 -- starting train_graphs_ed35eb96
2022-05-14 21:28:28,365	INFO trial_runner.py:803 -- starting train_graphs_f6c980be
2022-05-14 21:29:08,369	INFO trial_runner.py:803 -- starting train_graphs_080e7cd0
2022-05-14 21:29:11,369	INFO trial_runner.py:803 -- starting train_graphs_1fe20070
2022-05-14 21:29:47,372	INFO trial_runner.py:803 -- starting train_graphs_2397e98c
2022-05-14 21:29:57,373	INFO trial_runner.py:803 -- starting train_graphs_3720b36c
2022-05-14 21:30:32,376	INFO trial_runner.py:803 -- starting train_graphs_3d166dac
2022-05-14 21:30:36,377	INFO trial_runner.py:803 -- starting train_graphs_51f3e7ae
2022-05-14 21:31:10,380	INFO trial_runner.py:803 -- starting train_graphs_5455f654
2022-05-14 21:31:17,381	INFO trial_runner.py:803 -- starting train_graphs_689a89a4
2022-05-14 21:32:10,386	INFO trial_runner.py:803 -- starting train_graphs_6cc6f328
2022-05-14 21:32:25,387	INFO trial_runner.py:803 -- starting train_graphs_8c5f5a9a
2022-05-14 21:32:27,387	INFO trial_runner.py:803 -- starting train_graphs_954ffe16
2022-05-14 21:32:52,390	INFO trial_runner.py:803 -- starting train_graphs_96813a7a
2022-05-14 21:33:21,392	INFO trial_runner.py:803 -- starting train_graphs_a567ec78
2022-05-14 21:33:41,394	INFO trial_runner.py:803 -- starting train_graphs_b6b27958
2022-05-14 21:34:13,396	INFO trial_runner.py:803 -- starting train_graphs_c29f9a98
2022-05-14 21:34:28,397	INFO trial_runner.py:803 -- starting train_graphs_d5b06e32
2022-05-14 21:34:52,400	INFO trial_runner.py:803 -- starting train_graphs_dea17b8a
2022-05-14 21:35:57,405	INFO trial_runner.py:803 -- starting train_graphs_ecf19e04
2022-05-14 21:36:00,405	INFO trial_runner.py:803 -- starting train_graphs_13af10b2
2022-05-14 21:36:04,406	INFO trial_runner.py:803 -- starting train_graphs_1579afe2
2022-05-14 21:36:16,406	INFO trial_runner.py:803 -- starting train_graphs_17e759e6
2022-05-14 21:36:34,408	INFO trial_runner.py:803 -- starting train_graphs_1f025eec
2022-05-14 21:36:47,409	INFO trial_runner.py:803 -- starting train_graphs_29be4e40
2022-05-14 21:36:54,409	INFO trial_runner.py:803 -- starting train_graphs_317ce786
2022-05-14 21:37:36,412	INFO trial_runner.py:803 -- starting train_graphs_35aae59c
2022-05-14 21:37:53,413	INFO trial_runner.py:803 -- starting train_graphs_4eb5bd96
2022-05-14 21:38:00,414	INFO trial_runner.py:803 -- starting train_graphs_58d44b94
2022-05-14 21:38:33,417	INFO trial_runner.py:803 -- starting train_graphs_5d02c024
2022-05-14 21:38:55,419	INFO trial_runner.py:803 -- starting train_graphs_70ac8916
2022-05-14 21:39:12,421	INFO trial_runner.py:803 -- starting train_graphs_7dc9d4a0
2022-05-14 21:40:06,425	INFO trial_runner.py:803 -- starting train_graphs_87ec07aa
2022-05-14 21:40:48,428	INFO trial_runner.py:803 -- starting train_graphs_a81ccd48
2022-05-14 21:40:58,429	INFO trial_runner.py:803 -- starting train_graphs_c127c590
2022-05-14 21:42:14,436	INFO trial_runner.py:803 -- starting train_graphs_c71d3516
2022-05-14 21:42:42,438	INFO trial_runner.py:803 -- starting train_graphs_f46cf326
2022-05-14 21:43:57,445	INFO trial_runner.py:803 -- starting train_graphs_051d374e
2022-05-14 21:44:09,447	INFO trial_runner.py:803 -- starting train_graphs_31d031d8
2022-05-14 21:44:13,447	INFO trial_runner.py:803 -- starting train_graphs_38fa9c96
2022-05-14 21:44:47,450	INFO trial_runner.py:803 -- starting train_graphs_3b58eaba
2022-05-14 21:45:07,451	INFO trial_runner.py:803 -- starting train_graphs_4f9ead3e
2022-05-14 21:46:53,462	INFO trial_runner.py:803 -- starting train_graphs_5b89d6dc
2022-05-14 21:50:18,478	INFO trial_runner.py:803 -- starting train_graphs_9d1c3c52
2022-05-14 21:50:54,481	INFO trial_runner.py:803 -- starting train_graphs_14ecab72
2022-05-14 21:51:14,483	INFO trial_runner.py:803 -- starting train_graphs_2a650e4a
2022-05-14 21:51:30,484	INFO trial_runner.py:803 -- starting train_graphs_364dfc94
2022-05-14 21:51:46,486	INFO trial_runner.py:803 -- starting train_graphs_3fd9ff88
2022-05-14 21:53:49,496	INFO trial_runner.py:803 -- starting train_graphs_4b3b2cda
2022-05-14 21:55:41,506	INFO trial_runner.py:803 -- starting train_graphs_92b455be
2022-05-14 21:57:03,513	INFO trial_runner.py:803 -- starting train_graphs_d57a8652
2022-05-14 21:59:42,528	INFO trial_runner.py:803 -- starting train_graphs_06586a5a
2022-05-14 22:01:50,541	INFO trial_runner.py:803 -- starting train_graphs_65207938
2022-05-14 22:02:29,545	INFO trial_runner.py:803 -- starting train_graphs_b16d2e1c
2022-05-14 22:03:42,552	INFO trial_runner.py:803 -- starting train_graphs_c8ae3ca6
2022-05-14 22:04:53,559	INFO trial_runner.py:803 -- starting train_graphs_f4309734
2022-05-14 22:12:56,606	INFO trial_runner.py:803 -- starting train_graphs_1e8d081e
2022-05-14 22:14:02,612	INFO trial_runner.py:803 -- starting train_graphs_3e6f2cd8
2022-05-14 22:14:46,616	INFO trial_runner.py:803 -- starting train_graphs_65c68786
2022-05-14 22:16:30,625	INFO trial_runner.py:803 -- starting train_graphs_800098a8
2022-05-14 22:18:37,635	INFO trial_runner.py:803 -- starting train_graphs_bdff8bc8
2022-05-14 22:19:31,639	INFO trial_runner.py:803 -- starting train_graphs_09b41f02
2022-05-14 22:22:03,651	INFO trial_runner.py:803 -- starting train_graphs_29e390fa
2022-05-14 22:22:45,655	INFO trial_runner.py:803 -- starting train_graphs_848095e4
2022-05-14 22:24:30,663	INFO trial_runner.py:803 -- starting train_graphs_9d88a1f8
2022-05-14 22:25:30,668	INFO trial_runner.py:803 -- starting train_graphs_dc1f2e0a
2022-05-14 22:30:14,690	INFO trial_runner.py:803 -- starting train_graphs_ffe308a2
2022-05-14 22:30:29,691	INFO trial_runner.py:803 -- starting train_graphs_a9300e96
2022-05-14 22:33:04,705	INFO trial_runner.py:803 -- starting train_graphs_b21fdb3a
2022-05-14 22:36:50,724	INFO trial_runner.py:803 -- starting train_graphs_0e83b05e
2022-05-14 22:37:57,729	INFO trial_runner.py:803 -- starting train_graphs_978ba352
2022-05-14 22:38:00,730	INFO trial_runner.py:803 -- starting train_graphs_bd2b64d0
2022-05-14 22:39:00,735	INFO trial_runner.py:803 -- starting train_graphs_bf739032
2022-05-14 22:39:14,736	INFO trial_runner.py:803 -- starting train_graphs_e2b9f0f4
2022-05-14 22:41:08,744	INFO trial_runner.py:803 -- starting train_graphs_eb12587c
2022-05-14 22:41:17,745	INFO trial_runner.py:803 -- starting train_graphs_2f06d76a
2022-05-14 22:45:21,764	INFO trial_runner.py:803 -- starting train_graphs_3464eae4
2022-05-14 22:47:01,773	INFO trial_runner.py:803 -- starting train_graphs_c5d6397e
2022-05-14 22:47:17,774	INFO trial_runner.py:803 -- starting train_graphs_0171e3d4
2022-05-14 22:52:40,802	INFO trial_runner.py:803 -- starting train_graphs_0afb5eee
2022-05-14 22:53:32,807	INFO trial_runner.py:803 -- starting train_graphs_cb8985b4
2022-05-14 22:53:41,808	INFO trial_runner.py:803 -- starting train_graphs_ea85156e
2022-05-14 22:55:36,816	INFO trial_runner.py:803 -- starting train_graphs_efeb6f76
2022-05-14 22:55:54,818	INFO trial_runner.py:803 -- starting train_graphs_3470ab20
2022-05-14 22:56:38,822	INFO trial_runner.py:803 -- starting train_graphs_3f2b6ef6
2022-05-14 22:58:07,828	INFO trial_runner.py:803 -- starting train_graphs_59647646
2022-05-14 22:59:38,836	INFO trial_runner.py:803 -- starting train_graphs_8e7202fe
2022-05-14 23:02:37,851	INFO trial_runner.py:803 -- starting train_graphs_c6f66e26
2022-05-14 23:07:02,873	INFO trial_runner.py:803 -- starting train_graphs_2f66fe8a
2022-05-15 00:03:12,920	INFO tune.py:702 -- Total run time: 13965.82 seconds (13965.48 seconds for the tuning loop).
